Log file open, 06/22/20 18:04:05
LogInit: Display: Running engine for game: CarpetsAndCavalry
LogPlatformFile: Not using cached read wrapper
LogTaskGraph: Started task graph with 5 named threads and 23 total threads with 3 sets of task threads.
LogStats: Stats thread started at 3.307216
LogD3D11RHI: Loaded GFSDK_Aftermath_Lib.x64.dll
LogICUInternationalization: ICU TimeZone Detection - Raw Offset: +8:00, Platform Override: ''
LogPluginManager: Mounting plugin Paper2D
LogPluginManager: Mounting plugin AISupport
LogPluginManager: Mounting plugin LightPropagationVolume
LogPluginManager: Mounting plugin CameraShakePreviewer
LogPluginManager: Mounting plugin ActorLayerUtilities
LogPluginManager: Mounting plugin AnimationSharing
LogPluginManager: Mounting plugin CLionSourceCodeAccess
LogPluginManager: Mounting plugin CodeLiteSourceCodeAccess
LogPluginManager: Mounting plugin GitSourceControl
LogPluginManager: Mounting plugin KDevelopSourceCodeAccess
LogPluginManager: Mounting plugin NullSourceCodeAccess
LogPluginManager: Mounting plugin PerforceSourceControl
LogPluginManager: Mounting plugin PlasticSourceControl
LogPluginManager: Mounting plugin RiderSourceCodeAccess
LogPluginManager: Mounting plugin SubversionSourceControl
LogPluginManager: Mounting plugin UObjectPlugin
LogPluginManager: Mounting plugin VisualStudioCodeSourceCodeAccess
LogPluginManager: Mounting plugin VisualStudioSourceCodeAccess
LogPluginManager: Mounting plugin XCodeSourceCodeAccess
LogPluginManager: Mounting plugin AssetManagerEditor
LogPluginManager: Mounting plugin CryptoKeys
LogPluginManager: Mounting plugin CurveEditorTools
LogPluginManager: Mounting plugin DataValidation
LogPluginManager: Mounting plugin EditorScriptingUtilities
LogPluginManager: Mounting plugin FacialAnimation
LogPluginManager: Mounting plugin GameplayTagsEditor
LogPluginManager: Mounting plugin GeometryMode
LogPluginManager: Mounting plugin MacGraphicsSwitching
LogPluginManager: Mounting plugin MaterialAnalyzer
LogPluginManager: Mounting plugin MobileLauncherProfileWizard
LogPluginManager: Mounting plugin PluginBrowser
LogPluginManager: Mounting plugin SpeedTreeImporter
LogPluginManager: Mounting plugin DatasmithContent
LogPluginManager: Mounting plugin VariantManagerContent
LogPluginManager: Mounting plugin AlembicImporter
LogPluginManager: Mounting plugin AutomationUtils
LogPluginManager: Mounting plugin BackChannel
LogPluginManager: Mounting plugin ChaosCloth
LogPluginManager: Mounting plugin ChaosClothEditor
LogPluginManager: Mounting plugin ChaosEditor
LogPluginManager: Mounting plugin ChaosNiagara
LogPluginManager: Mounting plugin ChaosSolverPlugin
LogPluginManager: Mounting plugin CharacterAI
LogPluginManager: Mounting plugin GeometryCache
LogPluginManager: Mounting plugin GeometryCollectionPlugin
LogPluginManager: Mounting plugin GeometryProcessing
LogPluginManager: Mounting plugin PlanarCut
LogPluginManager: Mounting plugin PlatformCrypto
LogPluginManager: Mounting plugin ProxyLODPlugin
LogPluginManager: Mounting plugin SkeletalReduction
LogPluginManager: Mounting plugin Niagara
LogPluginManager: Mounting plugin MagicLeap
LogPluginManager: Mounting plugin MagicLeapLightEstimation
LogPluginManager: Mounting plugin MagicLeapMedia
LogPluginManager: Mounting plugin MagicLeapPassableWorld
LogPluginManager: Mounting plugin MLSDK
LogPluginManager: Mounting plugin AndroidMedia
LogPluginManager: Mounting plugin AvfMedia
LogPluginManager: Mounting plugin ImgMedia
LogPluginManager: Mounting plugin MediaCompositing
LogPluginManager: Mounting plugin MediaPlayerEditor
LogPluginManager: Mounting plugin WebMMedia
LogPluginManager: Mounting plugin WmfMedia
LogPluginManager: Mounting plugin MeshPainting
LogPluginManager: Mounting plugin TcpMessaging
LogPluginManager: Mounting plugin UdpMessaging
LogPluginManager: Mounting plugin ActorSequence
LogPluginManager: Mounting plugin LevelSequenceEditor
LogPluginManager: Mounting plugin MatineeToLevelSequence
LogPluginManager: Mounting plugin MovieRenderPipeline
LogPluginManager: Mounting plugin TemplateSequence
LogPluginManager: Mounting plugin NetcodeUnitTest
LogPluginManager: Mounting plugin NUTUnrealEngine4
LogPluginManager: Mounting plugin OnlineSubsystemGooglePlay
LogPluginManager: Mounting plugin OnlineSubsystemIOS
LogPluginManager: Mounting plugin OnlineSubsystem
LogPluginManager: Mounting plugin OnlineSubsystemNull
LogPluginManager: Mounting plugin OnlineSubsystemUtils
LogPluginManager: Mounting plugin LauncherChunkInstaller
LogPluginManager: Mounting plugin AndroidDeviceProfileSelector
LogPluginManager: Mounting plugin AndroidMoviePlayer
LogPluginManager: Mounting plugin AndroidPermission
LogPluginManager: Mounting plugin AppleImageUtils
LogPluginManager: Mounting plugin AppleMoviePlayer
LogPluginManager: Mounting plugin ArchVisCharacter
LogPluginManager: Mounting plugin AssetTags
LogPluginManager: Mounting plugin AudioCapture
LogPluginManager: Mounting plugin CableComponent
LogPluginManager: Mounting plugin CustomMeshComponent
LogPluginManager: Mounting plugin EditableMesh
LogPluginManager: Mounting plugin ExampleDeviceProfileSelector
LogPluginManager: Mounting plugin GoogleCloudMessaging
LogPluginManager: Mounting plugin GooglePAD
LogPluginManager: Mounting plugin IOSDeviceProfileSelector
LogPluginManager: Mounting plugin LinuxDeviceProfileSelector
LogPluginManager: Mounting plugin LocationServicesBPLibrary
LogPluginManager: Mounting plugin MobilePatchingUtils
LogPluginManager: Mounting plugin OculusVR
LogPluginManager: Mounting plugin PhysXVehicles
LogPluginManager: Mounting plugin PostSplashScreen
LogPluginManager: Mounting plugin ProceduralMeshComponent
LogPluginManager: Mounting plugin RuntimePhysXCooking
LogPluginManager: Mounting plugin SignificanceManager
LogPluginManager: Mounting plugin SoundFields
LogPluginManager: Mounting plugin SteamVR
LogPluginManager: Mounting plugin Synthesis
LogPluginManager: Mounting plugin WebMMoviePlayer
LogPluginManager: Mounting plugin WindowsMoviePlayer
LogPluginManager: Mounting plugin ScreenshotTools
LogInit: Using libcurl 7.55.1-DEV
LogInit:  - built for x86_64-pc-win32
LogInit:  - supports SSL with OpenSSL/1.1.1
LogInit:  - supports HTTP deflate (compression) using libz 1.2.8
LogInit:  - other features:
LogInit:      CURL_VERSION_SSL
LogInit:      CURL_VERSION_LIBZ
LogInit:      CURL_VERSION_IPV6
LogInit:      CURL_VERSION_ASYNCHDNS
LogInit:      CURL_VERSION_LARGEFILE
LogInit:      CURL_VERSION_IDN
LogInit:  CurlRequestOptions (configurable via config and command line):
LogInit:  - bVerifyPeer = true  - Libcurl will verify peer certificate
LogInit:  - bUseHttpProxy = false  - Libcurl will NOT use HTTP proxy
LogInit:  - bDontReuseConnections = false  - Libcurl will reuse connections
LogInit:  - MaxHostConnections = 16  - Libcurl will limit the number of connections to a host
LogInit:  - LocalHostAddr = Default
LogInit:  - BufferSize = 65536
LogOnline: OSS: Creating online subsystem instance for: NULL
LogInit: WinSock: version 1.1 (2.2), MaxSocks=32767, MaxUdp=65467
LogOnline: OSS: TryLoadSubsystemAndSetDefault: Loaded subsystem for module [NULL]
LogInit: Build: ++UE4+Release-4.25-CL-13594126
LogInit: Engine Version: 4.25.1-13594126+++UE4+Release-4.25
LogInit: Compatible Engine Version: 4.25.0-13144385+++UE4+Release-4.25
LogInit: Net CL: 13144385
LogInit: OS: Windows 10 (Release 1903) (), CPU:        Intel(R) Core(TM) i7-3770K CPU @ 3.50GHz, GPU: NVIDIA GeForce GTX 1080
LogInit: Compiled (64-bit): Jun  2 2020 02:10:36
LogInit: Compiled with Visual C++: 19.24.28315.00
LogInit: Build Configuration: Development
LogInit: Branch Name: ++UE4+Release-4.25
LogInit: Command Line:  -EpicPortal -epicusername=kmp145 -epicuserid=8b99726504b34c5e8cdd6dd2f3ef0ea3 -epiclocale=en
LogInit: Base Directory: C:/Program Files/Epic Games/UE_4.25/Engine/Binaries/Win64/
LogInit: Allocator: TBB
LogInit: Installed Engine Build: 1
LogDevObjectVersion: Number of dev versions registered: 26
LogDevObjectVersion:   Dev-Blueprints (B0D832E4-1F89-4F0D-ACCF-7EB736FD4AA2): 10
LogDevObjectVersion:   Dev-Build (E1C64328-A22C-4D53-A36C-8E866417BD8C): 0
LogDevObjectVersion:   Dev-Core (375EC13C-06E4-48FB-B500-84F0262A717E): 4
LogDevObjectVersion:   Dev-Editor (E4B068ED-F494-42E9-A231-DA0B2E46BB41): 38
LogDevObjectVersion:   Dev-Framework (CFFC743F-43B0-4480-9391-14DF171D2073): 37
LogDevObjectVersion:   Dev-Mobile (B02B49B5-BB20-44E9-A304-32B752E40360): 2
LogDevObjectVersion:   Dev-Networking (A4E4105C-59A1-49B5-A7C5-40C4547EDFEE): 0
LogDevObjectVersion:   Dev-Online (39C831C9-5AE6-47DC-9A44-9C173E1C8E7C): 0
LogDevObjectVersion:   Dev-Physics (78F01B33-EBEA-4F98-B9B4-84EACCB95AA2): 4
LogDevObjectVersion:   Dev-Platform (6631380F-2D4D-43E0-8009-CF276956A95A): 0
LogDevObjectVersion:   Dev-Rendering (12F88B9F-8875-4AFC-A67C-D90C383ABD29): 43
LogDevObjectVersion:   Dev-Sequencer (7B5AE74C-D270-4C10-A958-57980B212A5A): 12
LogDevObjectVersion:   Dev-VR (D7296918-1DD6-4BDD-9DE2-64A83CC13884): 3
LogDevObjectVersion:   Dev-LoadTimes (C2A15278-BFE7-4AFE-6C17-90FF531DF755): 1
LogDevObjectVersion:   Private-Geometry (6EACA3D4-40EC-4CC1-B786-8BED09428FC5): 3
LogDevObjectVersion:   Dev-AnimPhys (29E575DD-E0A3-4627-9D10-D276232CDCEA): 17
LogDevObjectVersion:   Dev-Anim (AF43A65D-7FD3-4947-9873-3E8ED9C1BB05): 7
LogDevObjectVersion:   Dev-ReflectionCapture (6B266CEC-1EC7-4B8F-A30B-E4D90942FC07): 1
LogDevObjectVersion:   Dev-Automation (0DF73D61-A23F-47EA-B727-89E90C41499A): 1
LogDevObjectVersion:   FortniteMain (601D1886-AC64-4F84-AA16-D3DE0DEAC7D6): 31
LogDevObjectVersion:   Dev-Enterprise (9DFFBCD6-494F-0158-E221-12823C92A888): 10
LogDevObjectVersion:   Dev-Niagara (F2AED0AC-9AFE-416F-8664-AA7FFA26D6FC): 1
LogDevObjectVersion:   Dev-Destruction (174F1F0B-B4C6-45A5-B13F-2EE8D0FB917D): 10
LogDevObjectVersion:   Dev-Physics-Ext (35F94A83-E258-406C-A318-09F59610247C): 37
LogDevObjectVersion:   Dev-PhysicsMaterial-Chaos (B68FC16E-8B1B-42E2-B453-215C058844FE): 1
LogDevObjectVersion:   Dev-CineCamera (B2E18506-4273-CFC2-A54E-F4BB758BBA07): 1
LogInit: Presizing for max 25165824 objects, including 0 objects not considered by GC, pre-allocating 0 bytes for permanent pool.
LogConfig: Applying CVar settings from Section [/Script/Engine.StreamingSettings] File [C:/Users/adaml/Documents/Unreal Projects/CarpetsAndCavalry/CarpetsAndCavalry/Saved/Config/Windows/Engine.ini]
LogConfig: Setting CVar [[s.MinBulkDataSizeForAsyncLoading:131072]]
LogConfig: Setting CVar [[s.AsyncLoadingThreadEnabled:0]]
LogConfig: Setting CVar [[s.EventDrivenLoaderEnabled:1]]
LogConfig: Setting CVar [[s.WarnIfTimeLimitExceeded:0]]
LogConfig: Setting CVar [[s.TimeLimitExceededMultiplier:1.5]]
LogConfig: Setting CVar [[s.TimeLimitExceededMinTime:0.005]]
LogConfig: Setting CVar [[s.UseBackgroundLevelStreaming:1]]
LogConfig: Setting CVar [[s.PriorityAsyncLoadingExtraTime:15.0]]
LogConfig: Setting CVar [[s.LevelStreamingActorsUpdateTimeLimit:5.0]]
LogConfig: Setting CVar [[s.PriorityLevelStreamingActorsUpdateExtraTime:5.0]]
LogConfig: Setting CVar [[s.LevelStreamingComponentsRegistrationGranularity:10]]
LogConfig: Setting CVar [[s.UnregisterComponentsTimeLimit:1.0]]
LogConfig: Setting CVar [[s.LevelStreamingComponentsUnregistrationGranularity:5]]
LogConfig: Setting CVar [[s.FlushStreamingOnExit:1]]
LogInit: Object subsystem initialized
LogConfig: Setting CVar [[con.DebugEarlyDefault:1]]
LogConfig: Setting CVar [[r.setres:1280x720]]
[2020.06.22-10.04.06:912][  0]LogConfig: Setting CVar [[r.VSync:0]]
[2020.06.22-10.04.06:912][  0]LogConfig: Setting CVar [[r.RHICmdBypass:0]]
[2020.06.22-10.04.06:912][  0]LogConfig: Applying CVar settings from Section [/Script/Engine.RendererSettings] File [C:/Users/adaml/Documents/Unreal Projects/CarpetsAndCavalry/CarpetsAndCavalry/Saved/Config/Windows/Engine.ini]
[2020.06.22-10.04.06:912][  0]LogConfig: Setting CVar [[r.GPUCrashDebugging:0]]
[2020.06.22-10.04.06:912][  0]LogConfig: Applying CVar settings from Section [/Script/Engine.RendererOverrideSettings] File [C:/Users/adaml/Documents/Unreal Projects/CarpetsAndCavalry/CarpetsAndCavalry/Saved/Config/Windows/Engine.ini]
[2020.06.22-10.04.06:912][  0]LogConfig: Applying CVar settings from Section [/Script/Engine.StreamingSettings] File [C:/Users/adaml/Documents/Unreal Projects/CarpetsAndCavalry/CarpetsAndCavalry/Saved/Config/Windows/Engine.ini]
[2020.06.22-10.04.06:912][  0]LogConfig: Setting CVar [[s.MinBulkDataSizeForAsyncLoading:131072]]
[2020.06.22-10.04.06:912][  0]LogConfig: Setting CVar [[s.AsyncLoadingThreadEnabled:0]]
[2020.06.22-10.04.06:912][  0]LogConfig: Setting CVar [[s.EventDrivenLoaderEnabled:1]]
[2020.06.22-10.04.06:912][  0]LogConfig: Setting CVar [[s.WarnIfTimeLimitExceeded:0]]
[2020.06.22-10.04.06:912][  0]LogConfig: Setting CVar [[s.TimeLimitExceededMultiplier:1.5]]
[2020.06.22-10.04.06:912][  0]LogConfig: Setting CVar [[s.TimeLimitExceededMinTime:0.005]]
[2020.06.22-10.04.06:912][  0]LogConfig: Setting CVar [[s.UseBackgroundLevelStreaming:1]]
[2020.06.22-10.04.06:912][  0]LogConfig: Setting CVar [[s.PriorityAsyncLoadingExtraTime:15.0]]
[2020.06.22-10.04.06:912][  0]LogConfig: Setting CVar [[s.LevelStreamingActorsUpdateTimeLimit:5.0]]
[2020.06.22-10.04.06:912][  0]LogConfig: Setting CVar [[s.PriorityLevelStreamingActorsUpdateExtraTime:5.0]]
[2020.06.22-10.04.06:912][  0]LogConfig: Setting CVar [[s.LevelStreamingComponentsRegistrationGranularity:10]]
[2020.06.22-10.04.06:912][  0]LogConfig: Setting CVar [[s.UnregisterComponentsTimeLimit:1.0]]
[2020.06.22-10.04.06:912][  0]LogConfig: Setting CVar [[s.LevelStreamingComponentsUnregistrationGranularity:5]]
[2020.06.22-10.04.06:912][  0]LogConfig: Setting CVar [[s.FlushStreamingOnExit:1]]
[2020.06.22-10.04.06:912][  0]LogConfig: Applying CVar settings from Section [/Script/Engine.GarbageCollectionSettings] File [C:/Users/adaml/Documents/Unreal Projects/CarpetsAndCavalry/CarpetsAndCavalry/Saved/Config/Windows/Engine.ini]
[2020.06.22-10.04.06:912][  0]LogConfig: Setting CVar [[gc.MaxObjectsNotConsideredByGC:1]]
[2020.06.22-10.04.06:912][  0]LogConfig: Setting CVar [[gc.SizeOfPermanentObjectPool:0]]
[2020.06.22-10.04.06:912][  0]LogConfig: Setting CVar [[gc.FlushStreamingOnGC:0]]
[2020.06.22-10.04.06:912][  0]LogConfig: Setting CVar [[gc.NumRetriesBeforeForcingGC:10]]
[2020.06.22-10.04.06:912][  0]LogConfig: Setting CVar [[gc.AllowParallelGC:1]]
[2020.06.22-10.04.06:912][  0]LogConfig: Setting CVar [[gc.TimeBetweenPurgingPendingKillObjects:61.1]]
[2020.06.22-10.04.06:912][  0]LogConfig: Setting CVar [[gc.MaxObjectsInEditor:25165824]]
[2020.06.22-10.04.06:912][  0]LogConfig: Setting CVar [[gc.IncrementalBeginDestroyEnabled:1]]
[2020.06.22-10.04.06:912][  0]LogConfig: Setting CVar [[gc.CreateGCClusters:1]]
[2020.06.22-10.04.06:912][  0]LogConfig: Setting CVar [[gc.MinGCClusterSize:5]]
[2020.06.22-10.04.06:912][  0]LogConfig: Setting CVar [[gc.ActorClusteringEnabled:0]]
[2020.06.22-10.04.06:913][  0]LogConfig: Setting CVar [[gc.BlueprintClusteringEnabled:0]]
[2020.06.22-10.04.06:913][  0]LogConfig: Setting CVar [[gc.UseDisregardForGCOnDedicatedServers:0]]
[2020.06.22-10.04.06:913][  0]LogConfig: Applying CVar settings from Section [/Script/Engine.NetworkSettings] File [C:/Users/adaml/Documents/Unreal Projects/CarpetsAndCavalry/CarpetsAndCavalry/Saved/Config/Windows/Engine.ini]
[2020.06.22-10.04.06:913][  0]LogConfig: Applying CVar settings from Section [/Script/UnrealEd.CookerSettings] File [C:/Users/adaml/Documents/Unreal Projects/CarpetsAndCavalry/CarpetsAndCavalry/Saved/Config/Windows/Engine.ini]
[2020.06.22-10.04.06:920][  0]LogConfig: Applying CVar settings from Section [ViewDistanceQuality@3] File [C:/Users/adaml/Documents/Unreal Projects/CarpetsAndCavalry/CarpetsAndCavalry/Saved/Config/Windows/Scalability.ini]
[2020.06.22-10.04.06:920][  0]LogConfig: Setting CVar [[r.SkeletalMeshLODBias:0]]
[2020.06.22-10.04.06:920][  0]LogConfig: Setting CVar [[r.ViewDistanceScale:1.0]]
[2020.06.22-10.04.06:920][  0]LogConfig: Applying CVar settings from Section [AntiAliasingQuality@3] File [C:/Users/adaml/Documents/Unreal Projects/CarpetsAndCavalry/CarpetsAndCavalry/Saved/Config/Windows/Scalability.ini]
[2020.06.22-10.04.06:920][  0]LogConfig: Setting CVar [[r.PostProcessAAQuality:4]]
[2020.06.22-10.04.06:920][  0]LogConfig: Applying CVar settings from Section [ShadowQuality@3] File [C:/Users/adaml/Documents/Unreal Projects/CarpetsAndCavalry/CarpetsAndCavalry/Saved/Config/Windows/Scalability.ini]
[2020.06.22-10.04.06:920][  0]LogConfig: Setting CVar [[r.LightFunctionQuality:1]]
[2020.06.22-10.04.06:920][  0]LogConfig: Setting CVar [[r.ShadowQuality:5]]
[2020.06.22-10.04.06:920][  0]LogConfig: Setting CVar [[r.Shadow.CSM.MaxCascades:10]]
[2020.06.22-10.04.06:920][  0]LogConfig: Setting CVar [[r.Shadow.MaxResolution:2048]]
[2020.06.22-10.04.06:920][  0]LogConfig: Setting CVar [[r.Shadow.MaxCSMResolution:2048]]
[2020.06.22-10.04.06:920][  0]LogConfig: Setting CVar [[r.Shadow.RadiusThreshold:0.01]]
[2020.06.22-10.04.06:920][  0]LogConfig: Setting CVar [[r.Shadow.DistanceScale:1.0]]
[2020.06.22-10.04.06:920][  0]LogConfig: Setting CVar [[r.Shadow.CSM.TransitionScale:1.0]]
[2020.06.22-10.04.06:920][  0]LogConfig: Setting CVar [[r.Shadow.PreShadowResolutionFactor:1.0]]
[2020.06.22-10.04.06:920][  0]LogConfig: Setting CVar [[r.DistanceFieldShadowing:1]]
[2020.06.22-10.04.06:920][  0]LogConfig: Setting CVar [[r.DistanceFieldAO:1]]
[2020.06.22-10.04.06:920][  0]LogConfig: Setting CVar [[r.AOQuality:2]]
[2020.06.22-10.04.06:920][  0]LogConfig: Setting CVar [[r.VolumetricFog:1]]
[2020.06.22-10.04.06:920][  0]LogConfig: Setting CVar [[r.VolumetricFog.GridPixelSize:8]]
[2020.06.22-10.04.06:920][  0]LogConfig: Setting CVar [[r.VolumetricFog.GridSizeZ:128]]
[2020.06.22-10.04.06:920][  0]LogConfig: Setting CVar [[r.VolumetricFog.HistoryMissSupersampleCount:4]]
[2020.06.22-10.04.06:920][  0]LogConfig: Setting CVar [[r.LightMaxDrawDistanceScale:1]]
[2020.06.22-10.04.06:920][  0]LogConfig: Setting CVar [[r.CapsuleShadows:1]]
[2020.06.22-10.04.06:920][  0]LogConfig: Applying CVar settings from Section [PostProcessQuality@3] File [C:/Users/adaml/Documents/Unreal Projects/CarpetsAndCavalry/CarpetsAndCavalry/Saved/Config/Windows/Scalability.ini]
[2020.06.22-10.04.06:920][  0]LogConfig: Setting CVar [[r.MotionBlurQuality:4]]
[2020.06.22-10.04.06:920][  0]LogConfig: Setting CVar [[r.AmbientOcclusionMipLevelFactor:0.4]]
[2020.06.22-10.04.06:920][  0]LogConfig: Setting CVar [[r.AmbientOcclusionMaxQuality:100]]
[2020.06.22-10.04.06:920][  0]LogConfig: Setting CVar [[r.AmbientOcclusionLevels:-1]]
[2020.06.22-10.04.06:921][  0]LogConfig: Setting CVar [[r.AmbientOcclusionRadiusScale:1.0]]
[2020.06.22-10.04.06:921][  0]LogConfig: Setting CVar [[r.DepthOfFieldQuality:2]]
[2020.06.22-10.04.06:921][  0]LogConfig: Setting CVar [[r.RenderTargetPoolMin:400]]
[2020.06.22-10.04.06:921][  0]LogConfig: Setting CVar [[r.LensFlareQuality:2]]
[2020.06.22-10.04.06:921][  0]LogConfig: Setting CVar [[r.SceneColorFringeQuality:1]]
[2020.06.22-10.04.06:921][  0]LogConfig: Setting CVar [[r.EyeAdaptationQuality:2]]
[2020.06.22-10.04.06:921][  0]LogConfig: Setting CVar [[r.BloomQuality:5]]
[2020.06.22-10.04.06:921][  0]LogConfig: Setting CVar [[r.FastBlurThreshold:100]]
[2020.06.22-10.04.06:921][  0]LogConfig: Setting CVar [[r.Upscale.Quality:3]]
[2020.06.22-10.04.06:921][  0]LogConfig: Setting CVar [[r.Tonemapper.GrainQuantization:1]]
[2020.06.22-10.04.06:921][  0]LogConfig: Setting CVar [[r.LightShaftQuality:1]]
[2020.06.22-10.04.06:921][  0]LogConfig: Setting CVar [[r.Filter.SizeScale:1]]
[2020.06.22-10.04.06:921][  0]LogConfig: Setting CVar [[r.Tonemapper.Quality:5]]
[2020.06.22-10.04.06:921][  0]LogConfig: Setting CVar [[r.DOF.Gather.AccumulatorQuality:1        ; higher gathering accumulator quality]]
[2020.06.22-10.04.06:921][  0]LogConfig: Setting CVar [[r.DOF.Gather.PostfilterMethod:1          ; Median3x3 postfilering method]]
[2020.06.22-10.04.06:921][  0]LogConfig: Setting CVar [[r.DOF.Gather.EnableBokehSettings:0       ; no bokeh simulation when gathering]]
[2020.06.22-10.04.06:921][  0]LogConfig: Setting CVar [[r.DOF.Gather.RingCount:4                 ; medium number of samples when gathering]]
[2020.06.22-10.04.06:921][  0]LogConfig: Setting CVar [[r.DOF.Scatter.ForegroundCompositing:1    ; additive foreground scattering]]
[2020.06.22-10.04.06:921][  0]LogConfig: Setting CVar [[r.DOF.Scatter.BackgroundCompositing:2    ; additive background scattering]]
[2020.06.22-10.04.06:921][  0]LogConfig: Setting CVar [[r.DOF.Scatter.EnableBokehSettings:1      ; bokeh simulation when scattering]]
[2020.06.22-10.04.06:921][  0]LogConfig: Setting CVar [[r.DOF.Scatter.MaxSpriteRatio:0.1         ; only a maximum of 10% of scattered bokeh]]
[2020.06.22-10.04.06:921][  0]LogConfig: Setting CVar [[r.DOF.Recombine.Quality:1                ; cheap slight out of focus]]
[2020.06.22-10.04.06:921][  0]LogConfig: Setting CVar [[r.DOF.Recombine.EnableBokehSettings:0    ; no bokeh simulation on slight out of focus]]
[2020.06.22-10.04.06:921][  0]LogConfig: Setting CVar [[r.DOF.TemporalAAQuality:1                ; more stable temporal accumulation]]
[2020.06.22-10.04.06:921][  0]LogConfig: Setting CVar [[r.DOF.Kernel.MaxForegroundRadius:0.025]]
[2020.06.22-10.04.06:921][  0]LogConfig: Setting CVar [[r.DOF.Kernel.MaxBackgroundRadius:0.025]]
[2020.06.22-10.04.06:921][  0]LogConfig: Applying CVar settings from Section [TextureQuality@3] File [C:/Users/adaml/Documents/Unreal Projects/CarpetsAndCavalry/CarpetsAndCavalry/Saved/Config/Windows/Scalability.ini]
[2020.06.22-10.04.06:921][  0]LogConfig: Setting CVar [[r.Streaming.MipBias:0]]
[2020.06.22-10.04.06:921][  0]LogConfig: Setting CVar [[r.Streaming.AmortizeCPUToGPUCopy:0]]
[2020.06.22-10.04.06:921][  0]LogConfig: Setting CVar [[r.Streaming.MaxNumTexturesToStreamPerFrame:0]]
[2020.06.22-10.04.06:921][  0]LogConfig: Setting CVar [[r.Streaming.Boost:1]]
[2020.06.22-10.04.06:921][  0]LogConfig: Setting CVar [[r.MaxAnisotropy:8]]
[2020.06.22-10.04.06:921][  0]LogConfig: Setting CVar [[r.VT.MaxAnisotropy:8]]
[2020.06.22-10.04.06:921][  0]LogConfig: Setting CVar [[r.Streaming.LimitPoolSizeToVRAM:0]]
[2020.06.22-10.04.06:921][  0]LogConfig: Setting CVar [[r.Streaming.PoolSize:1000]]
[2020.06.22-10.04.06:921][  0]LogConfig: Setting CVar [[r.Streaming.MaxEffectiveScreenSize:0]]
[2020.06.22-10.04.06:921][  0]LogConfig: Applying CVar settings from Section [EffectsQuality@3] File [C:/Users/adaml/Documents/Unreal Projects/CarpetsAndCavalry/CarpetsAndCavalry/Saved/Config/Windows/Scalability.ini]
[2020.06.22-10.04.06:921][  0]LogConfig: Setting CVar [[r.TranslucencyLightingVolumeDim:64]]
[2020.06.22-10.04.06:921][  0]LogConfig: Setting CVar [[r.RefractionQuality:2]]
[2020.06.22-10.04.06:921][  0]LogConfig: Setting CVar [[r.SSR.Quality:3]]
[2020.06.22-10.04.06:921][  0]LogConfig: Setting CVar [[r.SSR.HalfResSceneColor:0]]
[2020.06.22-10.04.06:921][  0]LogConfig: Setting CVar [[r.SceneColorFormat:4]]
[2020.06.22-10.04.06:921][  0]LogConfig: Setting CVar [[r.DetailMode:2]]
[2020.06.22-10.04.06:921][  0]LogConfig: Setting CVar [[r.TranslucencyVolumeBlur:1]]
[2020.06.22-10.04.06:921][  0]LogConfig: Setting CVar [[r.MaterialQualityLevel:1 ; High quality]]
[2020.06.22-10.04.06:921][  0]LogConfig: Setting CVar [[r.SSS.Scale:1]]
[2020.06.22-10.04.06:921][  0]LogConfig: Setting CVar [[r.SSS.SampleSet:2]]
[2020.06.22-10.04.06:921][  0]LogConfig: Setting CVar [[r.SSS.Quality:1]]
[2020.06.22-10.04.06:921][  0]LogConfig: Setting CVar [[r.SSS.HalfRes:0]]
[2020.06.22-10.04.06:921][  0]LogConfig: Setting CVar [[r.SSGI.Quality:3]]
[2020.06.22-10.04.06:921][  0]LogConfig: Setting CVar [[r.EmitterSpawnRateScale:1.0]]
[2020.06.22-10.04.06:921][  0]LogConfig: Setting CVar [[r.ParticleLightQuality:2]]
[2020.06.22-10.04.06:921][  0]LogConfig: Setting CVar [[r.SkyAtmosphere.AerialPerspectiveLUT.FastApplyOnOpaque:1 ; Always have FastSkyLUT 1 in this case to avoid wrong sky]]
[2020.06.22-10.04.06:921][  0]LogConfig: Setting CVar [[r.SkyAtmosphere.AerialPerspectiveLUT.SampleCountPerSlice:1]]
[2020.06.22-10.04.06:921][  0]LogConfig: Setting CVar [[r.SkyAtmosphere.AerialPerspectiveLUT.DepthResolution:16.0]]
[2020.06.22-10.04.06:922][  0]LogConfig: Setting CVar [[r.SkyAtmosphere.FastSkyLUT:1]]
[2020.06.22-10.04.06:922][  0]LogConfig: Setting CVar [[r.SkyAtmosphere.FastSkyLUT.SampleCountMin:4.0]]
[2020.06.22-10.04.06:922][  0]LogConfig: Setting CVar [[r.SkyAtmosphere.FastSkyLUT.SampleCountMax:32.0]]
[2020.06.22-10.04.06:922][  0]LogConfig: Setting CVar [[r.SkyAtmosphere.SampleCountMin:4.0]]
[2020.06.22-10.04.06:922][  0]LogConfig: Setting CVar [[r.SkyAtmosphere.SampleCountMax:32.0]]
[2020.06.22-10.04.06:922][  0]LogConfig: Setting CVar [[r.SkyAtmosphere.TransmittanceLUT.UseSmallFormat:0]]
[2020.06.22-10.04.06:922][  0]LogConfig: Setting CVar [[r.SkyAtmosphere.TransmittanceLUT.SampleCount:10.0]]
[2020.06.22-10.04.06:922][  0]LogConfig: Setting CVar [[r.SkyAtmosphere.MultiScatteringLUT.SampleCount:15.0]]
[2020.06.22-10.04.06:922][  0]LogConfig: Applying CVar settings from Section [FoliageQuality@3] File [C:/Users/adaml/Documents/Unreal Projects/CarpetsAndCavalry/CarpetsAndCavalry/Saved/Config/Windows/Scalability.ini]
[2020.06.22-10.04.06:922][  0]LogConfig: Setting CVar [[foliage.DensityScale:1.0]]
[2020.06.22-10.04.06:922][  0]LogConfig: Setting CVar [[grass.DensityScale:1.0]]
[2020.06.22-10.04.06:922][  0]LogConfig: Applying CVar settings from Section [ShadingQuality@3] File [C:/Users/adaml/Documents/Unreal Projects/CarpetsAndCavalry/CarpetsAndCavalry/Saved/Config/Windows/Scalability.ini]
[2020.06.22-10.04.06:922][  0]LogConfig: Setting CVar [[r.HairStrands.SkyLighting.SampleCount:16]]
[2020.06.22-10.04.06:922][  0]LogConfig: Setting CVar [[r.HairStrands.SkyLighting.JitterIntegration:0]]
[2020.06.22-10.04.06:922][  0]LogConfig: Setting CVar [[r.HairStrands.SkyAO.SampleCount:16]]
[2020.06.22-10.04.06:922][  0]LogConfig: Setting CVar [[r.HairStrands.DeepShadow.SuperSampling:0]]
[2020.06.22-10.04.06:922][  0]LogConfig: Setting CVar [[r.HairStrands.VisibilityPPLL:0]]
[2020.06.22-10.04.06:922][  0]LogConfig: Setting CVar [[r.HairStrands.RasterizationScale:0.5]]
[2020.06.22-10.04.06:922][  0]LogConfig: Setting CVar [[r.HairStrands.VelocityRasterizationScale:1]]
[2020.06.22-10.04.06:922][  0]LogInit: Selected Device Profile: [Windows]
[2020.06.22-10.04.06:922][  0]LogInit: Applying CVar settings loaded from the selected device profile: [Windows]
[2020.06.22-10.04.06:922][  0]LogHAL: Display: Platform has ~ 16 GB [17127989248 / 17179869184 / 16], which maps to Larger [LargestMinGB=32, LargerMinGB=12, DefaultMinGB=8, SmallerMinGB=6, SmallestMinGB=0)
[2020.06.22-10.04.06:922][  0]LogInit: Going up to parent DeviceProfile []
[2020.06.22-10.04.06:922][  0]LogConfig: Applying CVar settings from Section [ViewDistanceQuality@3] File [C:/Users/adaml/Documents/Unreal Projects/CarpetsAndCavalry/CarpetsAndCavalry/Saved/Config/Windows/Scalability.ini]
[2020.06.22-10.04.06:922][  0]LogConfig: Setting CVar [[r.SkeletalMeshLODBias:0]]
[2020.06.22-10.04.06:922][  0]LogConfig: Setting CVar [[r.ViewDistanceScale:1.0]]
[2020.06.22-10.04.06:922][  0]LogConfig: Applying CVar settings from Section [AntiAliasingQuality@3] File [C:/Users/adaml/Documents/Unreal Projects/CarpetsAndCavalry/CarpetsAndCavalry/Saved/Config/Windows/Scalability.ini]
[2020.06.22-10.04.06:922][  0]LogConfig: Setting CVar [[r.PostProcessAAQuality:4]]
[2020.06.22-10.04.06:922][  0]LogConfig: Applying CVar settings from Section [ShadowQuality@3] File [C:/Users/adaml/Documents/Unreal Projects/CarpetsAndCavalry/CarpetsAndCavalry/Saved/Config/Windows/Scalability.ini]
[2020.06.22-10.04.06:922][  0]LogConfig: Setting CVar [[r.LightFunctionQuality:1]]
[2020.06.22-10.04.06:922][  0]LogConfig: Setting CVar [[r.ShadowQuality:5]]
[2020.06.22-10.04.06:922][  0]LogConfig: Setting CVar [[r.Shadow.CSM.MaxCascades:10]]
[2020.06.22-10.04.06:922][  0]LogConfig: Setting CVar [[r.Shadow.MaxResolution:2048]]
[2020.06.22-10.04.06:922][  0]LogConfig: Setting CVar [[r.Shadow.MaxCSMResolution:2048]]
[2020.06.22-10.04.06:922][  0]LogConfig: Setting CVar [[r.Shadow.RadiusThreshold:0.01]]
[2020.06.22-10.04.06:922][  0]LogConfig: Setting CVar [[r.Shadow.DistanceScale:1.0]]
[2020.06.22-10.04.06:922][  0]LogConfig: Setting CVar [[r.Shadow.CSM.TransitionScale:1.0]]
[2020.06.22-10.04.06:922][  0]LogConfig: Setting CVar [[r.Shadow.PreShadowResolutionFactor:1.0]]
[2020.06.22-10.04.06:922][  0]LogConfig: Setting CVar [[r.DistanceFieldShadowing:1]]
[2020.06.22-10.04.06:922][  0]LogConfig: Setting CVar [[r.DistanceFieldAO:1]]
[2020.06.22-10.04.06:922][  0]LogConfig: Setting CVar [[r.AOQuality:2]]
[2020.06.22-10.04.06:922][  0]LogConfig: Setting CVar [[r.VolumetricFog:1]]
[2020.06.22-10.04.06:922][  0]LogConfig: Setting CVar [[r.VolumetricFog.GridPixelSize:8]]
[2020.06.22-10.04.06:922][  0]LogConfig: Setting CVar [[r.VolumetricFog.GridSizeZ:128]]
[2020.06.22-10.04.06:922][  0]LogConfig: Setting CVar [[r.VolumetricFog.HistoryMissSupersampleCount:4]]
[2020.06.22-10.04.06:922][  0]LogConfig: Setting CVar [[r.LightMaxDrawDistanceScale:1]]
[2020.06.22-10.04.06:922][  0]LogConfig: Setting CVar [[r.CapsuleShadows:1]]
[2020.06.22-10.04.06:922][  0]LogConfig: Applying CVar settings from Section [PostProcessQuality@3] File [C:/Users/adaml/Documents/Unreal Projects/CarpetsAndCavalry/CarpetsAndCavalry/Saved/Config/Windows/Scalability.ini]
[2020.06.22-10.04.06:922][  0]LogConfig: Setting CVar [[r.MotionBlurQuality:4]]
[2020.06.22-10.04.06:922][  0]LogConfig: Setting CVar [[r.AmbientOcclusionMipLevelFactor:0.4]]
[2020.06.22-10.04.06:923][  0]LogConfig: Setting CVar [[r.AmbientOcclusionMaxQuality:100]]
[2020.06.22-10.04.06:923][  0]LogConfig: Setting CVar [[r.AmbientOcclusionLevels:-1]]
[2020.06.22-10.04.06:923][  0]LogConfig: Setting CVar [[r.AmbientOcclusionRadiusScale:1.0]]
[2020.06.22-10.04.06:923][  0]LogConfig: Setting CVar [[r.DepthOfFieldQuality:2]]
[2020.06.22-10.04.06:923][  0]LogConfig: Setting CVar [[r.RenderTargetPoolMin:400]]
[2020.06.22-10.04.06:923][  0]LogConfig: Setting CVar [[r.LensFlareQuality:2]]
[2020.06.22-10.04.06:923][  0]LogConfig: Setting CVar [[r.SceneColorFringeQuality:1]]
[2020.06.22-10.04.06:923][  0]LogConfig: Setting CVar [[r.EyeAdaptationQuality:2]]
[2020.06.22-10.04.06:923][  0]LogConfig: Setting CVar [[r.BloomQuality:5]]
[2020.06.22-10.04.06:923][  0]LogConfig: Setting CVar [[r.FastBlurThreshold:100]]
[2020.06.22-10.04.06:923][  0]LogConfig: Setting CVar [[r.Upscale.Quality:3]]
[2020.06.22-10.04.06:923][  0]LogConfig: Setting CVar [[r.Tonemapper.GrainQuantization:1]]
[2020.06.22-10.04.06:923][  0]LogConfig: Setting CVar [[r.LightShaftQuality:1]]
[2020.06.22-10.04.06:923][  0]LogConfig: Setting CVar [[r.Filter.SizeScale:1]]
[2020.06.22-10.04.06:923][  0]LogConfig: Setting CVar [[r.Tonemapper.Quality:5]]
[2020.06.22-10.04.06:923][  0]LogConfig: Setting CVar [[r.DOF.Gather.AccumulatorQuality:1        ; higher gathering accumulator quality]]
[2020.06.22-10.04.06:923][  0]LogConfig: Setting CVar [[r.DOF.Gather.PostfilterMethod:1          ; Median3x3 postfilering method]]
[2020.06.22-10.04.06:923][  0]LogConfig: Setting CVar [[r.DOF.Gather.EnableBokehSettings:0       ; no bokeh simulation when gathering]]
[2020.06.22-10.04.06:923][  0]LogConfig: Setting CVar [[r.DOF.Gather.RingCount:4                 ; medium number of samples when gathering]]
[2020.06.22-10.04.06:923][  0]LogConfig: Setting CVar [[r.DOF.Scatter.ForegroundCompositing:1    ; additive foreground scattering]]
[2020.06.22-10.04.06:923][  0]LogConfig: Setting CVar [[r.DOF.Scatter.BackgroundCompositing:2    ; additive background scattering]]
[2020.06.22-10.04.06:923][  0]LogConfig: Setting CVar [[r.DOF.Scatter.EnableBokehSettings:1      ; bokeh simulation when scattering]]
[2020.06.22-10.04.06:923][  0]LogConfig: Setting CVar [[r.DOF.Scatter.MaxSpriteRatio:0.1         ; only a maximum of 10% of scattered bokeh]]
[2020.06.22-10.04.06:923][  0]LogConfig: Setting CVar [[r.DOF.Recombine.Quality:1                ; cheap slight out of focus]]
[2020.06.22-10.04.06:923][  0]LogConfig: Setting CVar [[r.DOF.Recombine.EnableBokehSettings:0    ; no bokeh simulation on slight out of focus]]
[2020.06.22-10.04.06:923][  0]LogConfig: Setting CVar [[r.DOF.TemporalAAQuality:1                ; more stable temporal accumulation]]
[2020.06.22-10.04.06:923][  0]LogConfig: Setting CVar [[r.DOF.Kernel.MaxForegroundRadius:0.025]]
[2020.06.22-10.04.06:923][  0]LogConfig: Setting CVar [[r.DOF.Kernel.MaxBackgroundRadius:0.025]]
[2020.06.22-10.04.06:923][  0]LogConfig: Applying CVar settings from Section [TextureQuality@3] File [C:/Users/adaml/Documents/Unreal Projects/CarpetsAndCavalry/CarpetsAndCavalry/Saved/Config/Windows/Scalability.ini]
[2020.06.22-10.04.06:923][  0]LogConfig: Setting CVar [[r.Streaming.MipBias:0]]
[2020.06.22-10.04.06:923][  0]LogConfig: Setting CVar [[r.Streaming.AmortizeCPUToGPUCopy:0]]
[2020.06.22-10.04.06:923][  0]LogConfig: Setting CVar [[r.Streaming.MaxNumTexturesToStreamPerFrame:0]]
[2020.06.22-10.04.06:923][  0]LogConfig: Setting CVar [[r.Streaming.Boost:1]]
[2020.06.22-10.04.06:923][  0]LogConfig: Setting CVar [[r.MaxAnisotropy:8]]
[2020.06.22-10.04.06:923][  0]LogConfig: Setting CVar [[r.VT.MaxAnisotropy:8]]
[2020.06.22-10.04.06:923][  0]LogConfig: Setting CVar [[r.Streaming.LimitPoolSizeToVRAM:0]]
[2020.06.22-10.04.06:923][  0]LogConfig: Setting CVar [[r.Streaming.PoolSize:1000]]
[2020.06.22-10.04.06:923][  0]LogConfig: Setting CVar [[r.Streaming.MaxEffectiveScreenSize:0]]
[2020.06.22-10.04.06:923][  0]LogConfig: Applying CVar settings from Section [EffectsQuality@3] File [C:/Users/adaml/Documents/Unreal Projects/CarpetsAndCavalry/CarpetsAndCavalry/Saved/Config/Windows/Scalability.ini]
[2020.06.22-10.04.06:923][  0]LogConfig: Setting CVar [[r.TranslucencyLightingVolumeDim:64]]
[2020.06.22-10.04.06:923][  0]LogConfig: Setting CVar [[r.RefractionQuality:2]]
[2020.06.22-10.04.06:923][  0]LogConfig: Setting CVar [[r.SSR.Quality:3]]
[2020.06.22-10.04.06:923][  0]LogConfig: Setting CVar [[r.SSR.HalfResSceneColor:0]]
[2020.06.22-10.04.06:923][  0]LogConfig: Setting CVar [[r.SceneColorFormat:4]]
[2020.06.22-10.04.06:923][  0]LogConfig: Setting CVar [[r.DetailMode:2]]
[2020.06.22-10.04.06:923][  0]LogConfig: Setting CVar [[r.TranslucencyVolumeBlur:1]]
[2020.06.22-10.04.06:923][  0]LogConfig: Setting CVar [[r.MaterialQualityLevel:1 ; High quality]]
[2020.06.22-10.04.06:923][  0]LogConfig: Setting CVar [[r.SSS.Scale:1]]
[2020.06.22-10.04.06:923][  0]LogConfig: Setting CVar [[r.SSS.SampleSet:2]]
[2020.06.22-10.04.06:923][  0]LogConfig: Setting CVar [[r.SSS.Quality:1]]
[2020.06.22-10.04.06:923][  0]LogConfig: Setting CVar [[r.SSS.HalfRes:0]]
[2020.06.22-10.04.06:923][  0]LogConfig: Setting CVar [[r.SSGI.Quality:3]]
[2020.06.22-10.04.06:923][  0]LogConfig: Setting CVar [[r.EmitterSpawnRateScale:1.0]]
[2020.06.22-10.04.06:923][  0]LogConfig: Setting CVar [[r.ParticleLightQuality:2]]
[2020.06.22-10.04.06:923][  0]LogConfig: Setting CVar [[r.SkyAtmosphere.AerialPerspectiveLUT.FastApplyOnOpaque:1 ; Always have FastSkyLUT 1 in this case to avoid wrong sky]]
[2020.06.22-10.04.06:923][  0]LogConfig: Setting CVar [[r.SkyAtmosphere.AerialPerspectiveLUT.SampleCountPerSlice:1]]
[2020.06.22-10.04.06:923][  0]LogConfig: Setting CVar [[r.SkyAtmosphere.AerialPerspectiveLUT.DepthResolution:16.0]]
[2020.06.22-10.04.06:923][  0]LogConfig: Setting CVar [[r.SkyAtmosphere.FastSkyLUT:1]]
[2020.06.22-10.04.06:923][  0]LogConfig: Setting CVar [[r.SkyAtmosphere.FastSkyLUT.SampleCountMin:4.0]]
[2020.06.22-10.04.06:923][  0]LogConfig: Setting CVar [[r.SkyAtmosphere.FastSkyLUT.SampleCountMax:32.0]]
[2020.06.22-10.04.06:923][  0]LogConfig: Setting CVar [[r.SkyAtmosphere.SampleCountMin:4.0]]
[2020.06.22-10.04.06:923][  0]LogConfig: Setting CVar [[r.SkyAtmosphere.SampleCountMax:32.0]]
[2020.06.22-10.04.06:923][  0]LogConfig: Setting CVar [[r.SkyAtmosphere.TransmittanceLUT.UseSmallFormat:0]]
[2020.06.22-10.04.06:924][  0]LogConfig: Setting CVar [[r.SkyAtmosphere.TransmittanceLUT.SampleCount:10.0]]
[2020.06.22-10.04.06:924][  0]LogConfig: Setting CVar [[r.SkyAtmosphere.MultiScatteringLUT.SampleCount:15.0]]
[2020.06.22-10.04.06:924][  0]LogConfig: Applying CVar settings from Section [FoliageQuality@3] File [C:/Users/adaml/Documents/Unreal Projects/CarpetsAndCavalry/CarpetsAndCavalry/Saved/Config/Windows/Scalability.ini]
[2020.06.22-10.04.06:924][  0]LogConfig: Setting CVar [[foliage.DensityScale:1.0]]
[2020.06.22-10.04.06:924][  0]LogConfig: Setting CVar [[grass.DensityScale:1.0]]
[2020.06.22-10.04.06:924][  0]LogConfig: Applying CVar settings from Section [ShadingQuality@3] File [C:/Users/adaml/Documents/Unreal Projects/CarpetsAndCavalry/CarpetsAndCavalry/Saved/Config/Windows/Scalability.ini]
[2020.06.22-10.04.06:924][  0]LogConfig: Setting CVar [[r.HairStrands.SkyLighting.SampleCount:16]]
[2020.06.22-10.04.06:924][  0]LogConfig: Setting CVar [[r.HairStrands.SkyLighting.JitterIntegration:0]]
[2020.06.22-10.04.06:924][  0]LogConfig: Setting CVar [[r.HairStrands.SkyAO.SampleCount:16]]
[2020.06.22-10.04.06:924][  0]LogConfig: Setting CVar [[r.HairStrands.DeepShadow.SuperSampling:0]]
[2020.06.22-10.04.06:924][  0]LogConfig: Setting CVar [[r.HairStrands.VisibilityPPLL:0]]
[2020.06.22-10.04.06:924][  0]LogConfig: Setting CVar [[r.HairStrands.RasterizationScale:0.5]]
[2020.06.22-10.04.06:924][  0]LogConfig: Setting CVar [[r.HairStrands.VelocityRasterizationScale:1]]
[2020.06.22-10.04.06:924][  0]LogConfig: Applying CVar settings from Section [Startup] File [../../../Engine/Config/ConsoleVariables.ini]
[2020.06.22-10.04.06:924][  0]LogConfig: Setting CVar [[net.UseAdaptiveNetUpdateFrequency:0]]
[2020.06.22-10.04.06:924][  0]LogConfig: Setting CVar [[p.chaos.AllowCreatePhysxBodies:1]]
[2020.06.22-10.04.06:924][  0]LogConfig: Setting CVar [[fx.SkipVectorVMBackendOptimizations:1]]
[2020.06.22-10.04.06:924][  0]LogConfig: Applying CVar settings from Section [ConsoleVariables] File [C:/Users/adaml/Documents/Unreal Projects/CarpetsAndCavalry/CarpetsAndCavalry/Saved/Config/Windows/Engine.ini]
[2020.06.22-10.04.06:924][  0]LogInit: Computer: DESKTOP-ANHEJ6N
[2020.06.22-10.04.06:924][  0]LogInit: User: adaml
[2020.06.22-10.04.06:924][  0]LogInit: CPU Page size=4096, Cores=4
[2020.06.22-10.04.06:924][  0]LogInit: High frequency timer resolution =10.000000 MHz
[2020.06.22-10.04.06:925][  0]LogMemory: Memory total: Physical=16.0GB (16GB approx)
[2020.06.22-10.04.06:925][  0]LogMemory: Platform Memory Stats for Windows
[2020.06.22-10.04.06:925][  0]LogMemory: Process Physical Memory: 115.56 MB used, 115.56 MB peak
[2020.06.22-10.04.06:925][  0]LogMemory: Process Virtual Memory: 98.45 MB used, 98.45 MB peak
[2020.06.22-10.04.06:925][  0]LogMemory: Physical Memory: 8017.29 MB used,  8317.23 MB free, 16334.52 MB total
[2020.06.22-10.04.06:925][  0]LogMemory: Virtual Memory: 5146.20 MB used,  134212584.00 MB free, 134217728.00 MB total
[2020.06.22-10.04.06:932][  0]LogWindows: WindowsPlatformFeatures enabled
[2020.06.22-10.04.06:983][  0]LogInit: Physics initialised using underlying interface: PhysX
[2020.06.22-10.04.06:984][  0]LogInit: Using OS detected language (en-US).
[2020.06.22-10.04.06:984][  0]LogInit: Using OS detected locale (en-AU).
[2020.06.22-10.04.06:989][  0]LogTextLocalizationManager: No specific localization for 'en-US' exists, so the 'en' localization will be used.
[2020.06.22-10.04.07:293][  0]LogInit: Setting process to per monitor DPI aware
[2020.06.22-10.04.07:340][  0]LogSlate: New Slate User Created.  User Index 0, Is Virtual User: 0
[2020.06.22-10.04.07:340][  0]LogSlate: Slate User Registered.  User Index 0, Is Virtual User: 0
[2020.06.22-10.04.07:555][  0]LogHMD: Failed to initialize OpenVR with code 110
[2020.06.22-10.04.07:555][  0]LogD3D11RHI: D3D11 min allowed feature level: 11_0
[2020.06.22-10.04.07:555][  0]LogD3D11RHI: D3D11 max allowed feature level: 11_0
[2020.06.22-10.04.07:555][  0]LogD3D11RHI: D3D11 adapters:
[2020.06.22-10.04.07:670][  0]LogD3D11RHI:    0. 'NVIDIA GeForce GTX 1080' (Feature Level 11_0)
[2020.06.22-10.04.07:670][  0]LogD3D11RHI:       8079/0/8167 MB DedicatedVideo/DedicatedSystem/SharedSystem, Outputs:2, VendorId:0x10de
[2020.06.22-10.04.07:675][  0]LogD3D11RHI:    1. 'Microsoft Basic Render Driver' (Feature Level 11_0)
[2020.06.22-10.04.07:675][  0]LogD3D11RHI:       0/0/8167 MB DedicatedVideo/DedicatedSystem/SharedSystem, Outputs:0, VendorId:0x1414
[2020.06.22-10.04.07:675][  0]LogD3D11RHI: Chosen D3D11 Adapter: 0
[2020.06.22-10.04.07:685][  0]LogD3D11RHI: Creating new Direct3DDevice
[2020.06.22-10.04.07:685][  0]LogD3D11RHI:     GPU DeviceId: 0x1b80 (for the marketing name, search the web for "GPU Device Id")
[2020.06.22-10.04.07:685][  0]LogWindows: EnumDisplayDevices:
[2020.06.22-10.04.07:685][  0]LogWindows:    0. 'NVIDIA GeForce GTX 1080' (P:1 D:1)
[2020.06.22-10.04.07:686][  0]LogWindows:    1. 'NVIDIA GeForce GTX 1080' (P:0 D:1)
[2020.06.22-10.04.07:686][  0]LogWindows:    2. 'NVIDIA GeForce GTX 1080' (P:0 D:0)
[2020.06.22-10.04.07:687][  0]LogWindows:    3. 'NVIDIA GeForce GTX 1080' (P:0 D:0)
[2020.06.22-10.04.07:688][  0]LogWindows: DebugString: FoundDriverCount:4 
[2020.06.22-10.04.07:688][  0]LogD3D11RHI:     Adapter Name: NVIDIA GeForce GTX 1080
[2020.06.22-10.04.07:688][  0]LogD3D11RHI:   Driver Version: 436.30 (internal:26.21.14.3630, unified:436.30)
[2020.06.22-10.04.07:688][  0]LogD3D11RHI:      Driver Date: 9-5-2019
[2020.06.22-10.04.07:688][  0]LogRHI: Texture pool is 5655 MB (70% of 8079 MB)
[2020.06.22-10.04.07:752][  0]LogD3D11RHI: RHI has support for 64 bit atomics
[2020.06.22-10.04.07:755][  0]LogD3D11RHI: [Aftermath] Enabled and primed
[2020.06.22-10.04.07:755][  0]LogD3D11RHI: Async texture creation enabled
[2020.06.22-10.04.07:755][  0]LogD3D11RHI: Array index from any shader is supported
[2020.06.22-10.04.07:829][  0]LogD3D11RHI: GPU Timing Frequency: 1000.000000 (Debug: 2 1)
[2020.06.22-10.04.08:294][  0]LogTargetPlatformManager: Display: Loaded TargetPlatform 'AllDesktop'
[2020.06.22-10.04.08:333][  0]LogTargetPlatformManager: Display: Loaded TargetPlatform 'Android'
[2020.06.22-10.04.08:333][  0]LogTargetPlatformManager: Display: Loaded TargetPlatform 'Android_ASTC'
[2020.06.22-10.04.08:333][  0]LogTargetPlatformManager: Display: Loaded TargetPlatform 'Android_DXT'
[2020.06.22-10.04.08:333][  0]LogTargetPlatformManager: Display: Loaded TargetPlatform 'Android_ETC2'
[2020.06.22-10.04.08:333][  0]LogTargetPlatformManager: Display: Loaded TargetPlatform 'AndroidClient'
[2020.06.22-10.04.08:333][  0]LogTargetPlatformManager: Display: Loaded TargetPlatform 'Android_ASTCClient'
[2020.06.22-10.04.08:333][  0]LogTargetPlatformManager: Display: Loaded TargetPlatform 'Android_DXTClient'
[2020.06.22-10.04.08:333][  0]LogTargetPlatformManager: Display: Loaded TargetPlatform 'Android_ETC2Client'
[2020.06.22-10.04.08:333][  0]LogTargetPlatformManager: Display: Loaded TargetPlatform 'Android_Multi'
[2020.06.22-10.04.08:333][  0]LogTargetPlatformManager: Display: Loaded TargetPlatform 'Android_MultiClient'
[2020.06.22-10.04.08:370][  0]LogTargetPlatformManager: Display: Loaded TargetPlatform 'IOSClient'
[2020.06.22-10.04.08:370][  0]LogTargetPlatformManager: Display: Loaded TargetPlatform 'IOS'
[2020.06.22-10.04.08:386][  0]LogTargetPlatformManager: Display: Loaded TargetPlatform 'Linux'
[2020.06.22-10.04.08:400][  0]LogTargetPlatformManager: Display: Loaded TargetPlatform 'LinuxNoEditor'
[2020.06.22-10.04.08:412][  0]LogTargetPlatformManager: Display: Loaded TargetPlatform 'LinuxClient'
[2020.06.22-10.04.08:424][  0]LogTargetPlatformManager: Display: Loaded TargetPlatform 'LinuxServer'
[2020.06.22-10.04.08:436][  0]LogTargetPlatformManager: Display: Loaded TargetPlatform 'LinuxAArch64NoEditor'
[2020.06.22-10.04.08:449][  0]LogTargetPlatformManager: Display: Loaded TargetPlatform 'LinuxAArch64Client'
[2020.06.22-10.04.08:461][  0]LogTargetPlatformManager: Display: Loaded TargetPlatform 'LinuxAArch64Server'
[2020.06.22-10.04.08:497][  0]LogTargetPlatformManager: Display: Loaded TargetPlatform 'Lumin'
[2020.06.22-10.04.08:497][  0]LogTargetPlatformManager: Display: Loaded TargetPlatform 'LuminClient'
[2020.06.22-10.04.08:526][  0]LogTargetPlatformManager: Display: Loaded TargetPlatform 'TVOSClient'
[2020.06.22-10.04.08:526][  0]LogTargetPlatformManager: Display: Loaded TargetPlatform 'TVOS'
[2020.06.22-10.04.08:542][  0]LogTargetPlatformManager: Display: Loaded TargetPlatform 'WindowsNoEditor'
[2020.06.22-10.04.08:561][  0]LogTargetPlatformManager: Display: Loaded TargetPlatform 'Windows'
[2020.06.22-10.04.08:574][  0]LogTargetPlatformManager: Display: Loaded TargetPlatform 'WindowsClient'
[2020.06.22-10.04.08:589][  0]LogTargetPlatformManager: Display: Loaded TargetPlatform 'WindowsServer'
[2020.06.22-10.04.08:589][  0]LogTargetPlatformManager: Display: Building Assets For Windows
[2020.06.22-10.04.08:602][  0]LogAudioDebug: Display: Lib vorbis DLL was dynamically loaded.
[2020.06.22-10.04.08:691][  0]LogShaderCompilers: Guid format shader working directory is -45 characters bigger than the processId version (../../../../../../Users/adaml/Documents/Unreal Projects/CarpetsAndCavalry/CarpetsAndCavalry/Intermediate/Shaders/WorkingDirectory/8556/).
[2020.06.22-10.04.08:691][  0]LogShaderCompilers: Cleaned the shader compiler working directory 'C:/Users/adaml/AppData/Local/Temp/UnrealShaderWorkingDir/1548CFF1491BF850BBE54CBD4B5A7F99/'.
[2020.06.22-10.04.08:692][  0]LogXGEController: Cannot use XGE Controller as Incredibuild is not installed on this machine.
[2020.06.22-10.04.08:692][  0]LogShaderCompilers: Cannot use XGE Shader Compiler as Incredibuild is not installed on this machine.
[2020.06.22-10.04.08:692][  0]LogShaderCompilers: Display: Using Local Shader Compiler.
[2020.06.22-10.04.09:768][  0]LogDerivedDataCache: Display: Max Cache Size: 512 MB
[2020.06.22-10.04.09:874][  0]LogDerivedDataCache: Loaded boot cache 0.11s 75MB C:/Users/adaml/AppData/Local/UnrealEngine/4.25/DerivedDataCache/Boot.ddc.
[2020.06.22-10.04.09:874][  0]LogDerivedDataCache: Display: Loaded Boot cache: C:/Users/adaml/AppData/Local/UnrealEngine/4.25/DerivedDataCache/Boot.ddc
[2020.06.22-10.04.09:874][  0]LogDerivedDataCache: FDerivedDataBackendGraph:  Pak pak cache file ../../../../../../Users/adaml/Documents/Unreal Projects/CarpetsAndCavalry/CarpetsAndCavalry/DerivedDataCache/DDC.ddp not found, will not use a pak cache.
[2020.06.22-10.04.09:874][  0]LogDerivedDataCache: Unable to find inner node Pak for hierarchical cache Hierarchy.
[2020.06.22-10.04.09:874][  0]LogDerivedDataCache: FDerivedDataBackendGraph:  CompressedPak pak cache file ../../../../../../Users/adaml/Documents/Unreal Projects/CarpetsAndCavalry/CarpetsAndCavalry/DerivedDataCache/Compressed.ddp not found, will not use a pak cache.
[2020.06.22-10.04.09:875][  0]LogDerivedDataCache: Unable to find inner node CompressedPak for hierarchical cache Hierarchy.
[2020.06.22-10.04.09:889][  0]LogDerivedDataCache: Display: Pak cache opened for reading ../../../Engine/DerivedDataCache/Compressed.ddp.
[2020.06.22-10.04.09:889][  0]LogDerivedDataCache: FDerivedDataBackendGraph:  EnterprisePak pak cache file ../../../Enterprise/DerivedDataCache/Compressed.ddp not found, will not use a pak cache.
[2020.06.22-10.04.09:889][  0]LogDerivedDataCache: Unable to find inner node EnterprisePak for hierarchical cache Hierarchy.
[2020.06.22-10.04.09:890][  0]LogDerivedDataCache: Using Local data cache path C:/Users/adaml/AppData/Local/UnrealEngine/Common/DerivedDataCache: Writable
[2020.06.22-10.04.09:890][  0]LogDerivedDataCache: Shared data cache path not found in *engine.ini, will not use an Shared cache.
[2020.06.22-10.04.09:890][  0]LogDerivedDataCache: Unable to find inner node Shared for hierarchical cache Hierarchy.
[2020.06.22-10.04.09:971][  0]LogSlate: Using FreeType 2.10.0
[2020.06.22-10.04.09:972][  0]LogSlate: SlateFontServices - WITH_FREETYPE: 1, WITH_HARFBUZZ: 1
[2020.06.22-10.04.10:007][  0]LogAssetRegistry: FAssetRegistry took 0.0027 seconds to start up
[2020.06.22-10.04.10:378][  0]LogInit: Selected Device Profile: [Windows]
[2020.06.22-10.04.10:537][  0]LogMeshReduction: Using QuadricMeshReduction for automatic static mesh reduction
[2020.06.22-10.04.10:537][  0]LogMeshReduction: Using SimplygonMeshReduction for automatic skeletal mesh reduction
[2020.06.22-10.04.10:537][  0]LogMeshReduction: Using ProxyLODMeshReduction for automatic mesh merging
[2020.06.22-10.04.10:537][  0]LogMeshReduction: No distributed automatic mesh merging module available
[2020.06.22-10.04.10:537][  0]LogMeshMerging: No distributed automatic mesh merging module available
[2020.06.22-10.04.10:570][  0]LogNetVersion: CarpetsAndCavalry 1.0.0, NetCL: 13144385, EngineNetVer: 14, GameNetVer: 0 (Checksum: 2878379059)
[2020.06.22-10.04.11:234][  0]LogAISub: UAISubsystem::UAISubsystem AISubsystem (0000012B85DD4380), frame # 0
[2020.06.22-10.04.11:234][  0]LogAISub: UAISubsystem::UAISubsystem AIPerceptionSystem (0000012B86D0EAC0), frame # 0
[2020.06.22-10.04.11:239][  0]LogAISub: UAISubsystem::UAISubsystem EnvQueryManager (0000012B85D8CA00), frame # 0
[2020.06.22-10.04.13:008][  0]LogPackageLocalizationCache: Processed 19 localized package path(s) for 1 prioritized culture(s) in 1.755349 seconds
[2020.06.22-10.04.13:024][  0]LogUObjectArray: 15917 objects as part of root set at end of initial load.
[2020.06.22-10.04.13:024][  0]LogUObjectAllocator: 3965568 out of 0 bytes used by permanent object pool.
[2020.06.22-10.04.13:024][  0]LogUObjectArray: CloseDisregardForGC: 0/0 objects in disregard for GC pool
[2020.06.22-10.04.13:647][  0]LogTcpMessaging: Initializing TcpMessaging bridge
[2020.06.22-10.04.13:653][  0]LogUdpMessaging: Initializing bridge on interface 0.0.0.0:0 to multicast group 230.0.0.1:6666.
[2020.06.22-10.04.13:833][  0]SourceControl: Source control is disabled
[2020.06.22-10.04.13:833][  0]SourceControl: Source control is disabled
[2020.06.22-10.04.13:837][  0]SourceControl: Source control is disabled
[2020.06.22-10.04.13:841][  0]SourceControl: Source control is disabled
[2020.06.22-10.04.13:853][  0]SourceControl: Source control is disabled
[2020.06.22-10.04.14:403][  0]LogAndroidPermission: UAndroidPermissionCallbackProxy::GetInstance
[2020.06.22-10.04.14:443][  0]LogAudioCaptureCore: Display: No Audio Capture implementations found. Audio input will be silent.
[2020.06.22-10.04.14:443][  0]LogAudioCaptureCore: Display: No Audio Capture implementations found. Audio input will be silent.
[2020.06.22-10.04.14:541][  0]LogOcInput: OculusInput pre-init called
[2020.06.22-10.04.14:557][  0]LogWindows: Failed to load 'OVRPlugin.dll' (GetLastError=126)
[2020.06.22-10.04.14:557][  0]LogWindows: File 'OVRPlugin.dll' does not exist
[2020.06.22-10.04.14:913][  0]LogEngine: Initializing Engine...
[2020.06.22-10.04.14:915][  0]LogHMD: Failed to initialize OpenVR with code 110
[2020.06.22-10.04.14:915][  0]LogMagicLeap: Warning: VR disabled because ZI is not enabled.  To enable, in the editor, Edit -> Project Settings -> Plugins -> Magic Leap Plugin -> Enable Zero Iteration
[2020.06.22-10.04.14:916][  0]LogStats: UGameplayTagsManager::InitializeManager -  0.000 s
[2020.06.22-10.04.15:116][  0]LogInit: Initializing FReadOnlyCVARCache
[2020.06.22-10.04.15:128][  0]LogAIModule: Creating AISystem for world Untitled
[2020.06.22-10.04.15:128][  0]LogAISub: UAISubsystem::UAISubsystem EnvQueryManager (0000012B89449A00), frame # 0
[2020.06.22-10.04.15:128][  0]LogAISub: UAISubsystem::UAISubsystem AIPerceptionSystem (0000012B89443380), frame # 0
[2020.06.22-10.04.15:159][  0]LogAudioMixer: Display: Audio Mixer Platform Settings:
[2020.06.22-10.04.15:159][  0]LogAudioMixer: Display: 	Sample Rate:						  48000
[2020.06.22-10.04.15:159][  0]LogAudioMixer: Display: 	Callback Buffer Frame Size Requested: 1024
[2020.06.22-10.04.15:159][  0]LogAudioMixer: Display: 	Callback Buffer Frame Size To Use:	  1024
[2020.06.22-10.04.15:159][  0]LogAudioMixer: Display: 	Number of buffers to queue:			  2
[2020.06.22-10.04.15:159][  0]LogAudioMixer: Display: 	Max Channels (voices):				  32
[2020.06.22-10.04.15:159][  0]LogAudioMixer: Display: 	Number of Async Source Workers:		  0
[2020.06.22-10.04.15:159][  0]LogAudio: Display: AudioDevice MaxSources: 32
[2020.06.22-10.04.15:159][  0]LogAudio: Display: Using built-in audio occlusion.
[2020.06.22-10.04.15:159][  0]LogAudioMixer: Display: Initializing audio mixer.
[2020.06.22-10.04.15:187][  0]LogAudioMixer: Display: 0: FrontLeft
[2020.06.22-10.04.15:187][  0]LogAudioMixer: Display: 1: FrontRight
[2020.06.22-10.04.15:263][  0]LogAudioMixer: Display: Using Audio Device Speakers (Realtek High Definition Audio)
[2020.06.22-10.04.15:269][  0]LogAudioMixer: Display: Initializing Sound Submixes...
[2020.06.22-10.04.15:272][  0]LogAudioMixer: Display: Creating Master Submix 'MasterSubmixDefault'
[2020.06.22-10.04.15:272][  0]LogAudioMixer: Display: Creating Master Submix 'MasterReverbSubmixDefault'
[2020.06.22-10.04.15:273][  0]LogAudioMixer: Display: Creating Master Submix 'MasterEQSubmixDefault'
[2020.06.22-10.04.15:275][  0]LogInit: FAudioDevice initialized.
[2020.06.22-10.04.15:275][  0]LogNetVersion: Set ProjectVersion to 1.0.0.0. Version Checksum will be recalculated on next use.
[2020.06.22-10.04.15:815][  0]LogDerivedDataCache: Saved boot cache 0.54s 75MB C:/Users/adaml/AppData/Local/UnrealEngine/4.25/DerivedDataCache/Boot.ddc.
[2020.06.22-10.04.15:823][  0]LogInit: Texture streaming: Enabled
[2020.06.22-10.04.15:854][  0]LogEngineSessionManager: EngineSessionManager initialized
[2020.06.22-10.04.15:854][  0]LogEditorSessionSummary: Verbose: Initializing EditorSessionSummaryWriter for editor session tracking
[2020.06.22-10.04.15:857][  0]LogEditorSessionSummary: EditorSessionSummaryWriter initialized
[2020.06.22-10.04.15:944][  0]LogInit: Transaction tracking system initialized
[2020.06.22-10.04.15:983][  0]BlueprintLog: New page: Editor Load
[2020.06.22-10.04.16:092][  0]LocalizationService: Localization service is disabled
[2020.06.22-10.04.16:367][  0]LogCook: Display: Max memory allowance for cook 16384mb min free memory 0mb
[2020.06.22-10.04.16:367][  0]LogCook: Display: Mobile HDR setting 1
[2020.06.22-10.04.16:571][  0]LogFileCache: Scanning file cache for directory 'C:/Users/adaml/Documents/Unreal Projects/CarpetsAndCavalry/CarpetsAndCavalry/Content/' took 0.01s
[2020.06.22-10.04.16:856][  0]SourceControl: Source control is disabled
[2020.06.22-10.04.16:856][  0]LogUnrealEdMisc: Loading editor; pre map load, took 17.737
[2020.06.22-10.04.16:857][  0]Cmd: MAP LOAD FILE="../../../../../../Users/adaml/Documents/Unreal Projects/CarpetsAndCavalry/CarpetsAndCavalry/Content/StarterContent/Maps/Minimal_Default.umap" TEMPLATE=0 SHOWPROGRESS=1 FEATURELEVEL=3
[2020.06.22-10.04.16:857][  0]LightingResults: New page: Lighting Build
[2020.06.22-10.04.16:858][  0]LogWorld: UWorld::CleanupWorld for Untitled, bSessionEnded=true, bCleanupResources=true
[2020.06.22-10.04.16:858][  0]LogSlate: InvalidateAllWidgets triggered.  All widgets were invalidated
[2020.06.22-10.04.16:858][  0]MapCheck: New page: Map Check
[2020.06.22-10.04.16:858][  0]LightingResults: New page: Lighting Build
[2020.06.22-10.04.16:868][  0]LogAISub: UAISubsystem::~UAISubsystem EnvQueryManager (0000012B89449A00), frame # 0
[2020.06.22-10.04.16:869][  0]LogAISub: UAISubsystem::~UAISubsystem AIPerceptionSystem (0000012B89443380), frame # 0
[2020.06.22-10.04.16:870][  0]LogUObjectHash: Compacting FUObjectHashTables data took   1.52ms
[2020.06.22-10.04.19:109][  0]LogAIModule: Creating AISystem for world Minimal_Default
[2020.06.22-10.04.19:109][  0]LogAISub: UAISubsystem::UAISubsystem EnvQueryManager (0000012B997F3E00), frame # 0
[2020.06.22-10.04.19:109][  0]LogAISub: UAISubsystem::UAISubsystem AIPerceptionSystem (0000012B831AB600), frame # 0
[2020.06.22-10.04.19:126][  0]LogEditorServer: Finished looking for orphan Actors (0.000 secs)
[2020.06.22-10.04.19:146][  0]LogUObjectHash: Compacting FUObjectHashTables data took   1.25ms
[2020.06.22-10.04.19:147][  0]Cmd: MAP CHECKDEP NOCLEARLOG
[2020.06.22-10.04.19:148][  0]MapCheck: Map check complete: 0 Error(s), 0 Warning(s), took 0.605ms to complete.
[2020.06.22-10.04.19:148][  0]LogFileHelpers: Loading map 'Minimal_Default' took 2.291
[2020.06.22-10.04.19:516][  0]LogUnrealEdMisc: Total Editor Startup Time, took 20.396
[2020.06.22-10.04.20:793][  0]LogSlate: Updating window title bar state: overlay mode, drag disabled, window buttons hidden, title bar hidden
[2020.06.22-10.04.20:803][  0]LogSlate: Updating window title bar state: overlay mode, drag disabled, window buttons hidden, title bar hidden
[2020.06.22-10.04.20:813][  0]LogSlate: Updating window title bar state: overlay mode, drag disabled, window buttons hidden, title bar hidden
[2020.06.22-10.04.20:823][  0]LogSlate: Updating window title bar state: overlay mode, drag disabled, window buttons hidden, title bar hidden
[2020.06.22-10.04.21:244][  0]LogCollectionManager: Loaded 0 collections in 0.002146 seconds
[2020.06.22-10.04.21:267][  0]LogFileCache: Scanning file cache for directory 'C:/Users/adaml/Documents/Unreal Projects/CarpetsAndCavalry/CarpetsAndCavalry/Saved/Collections/' took 0.00s
[2020.06.22-10.04.21:267][  0]LogFileCache: Scanning file cache for directory 'C:/Users/adaml/Documents/Unreal Projects/CarpetsAndCavalry/CarpetsAndCavalry/Content/Developers/adaml/Collections/' took 0.00s
[2020.06.22-10.04.21:267][  0]LogFileCache: Scanning file cache for directory 'C:/Users/adaml/Documents/Unreal Projects/CarpetsAndCavalry/CarpetsAndCavalry/Content/Collections/' took 0.00s
[2020.06.22-10.04.21:267][  0]LogContentBrowser: Native class hierarchy populated in 0.0158 seconds. Added 3428 classes and 823 folders.
[2020.06.22-10.04.21:272][  0]LogContentBrowser: Native class hierarchy updated for 'WidgetCarousel' in 0.0006 seconds. Added 0 classes and 0 folders.
[2020.06.22-10.04.25:743][  0]LogContentBrowser: Native class hierarchy updated for 'AddContentDialog' in 0.0005 seconds. Added 0 classes and 0 folders.
[2020.06.22-10.04.25:745][  0]LogContentBrowser: Native class hierarchy updated for 'SceneOutliner' in 0.0004 seconds. Added 2 classes and 0 folders.
[2020.06.22-10.04.25:830][  0]LogSlate: Took 0.000401 seconds to synchronously load lazily loaded font '../../../Engine/Content/Slate/Fonts/Roboto-Regular.ttf' (155K)
[2020.06.22-10.04.25:833][  0]LogSlate: Took 0.000231 seconds to synchronously load lazily loaded font '../../../Engine/Content/Slate/Fonts/Roboto-Bold.ttf' (160K)
[2020.06.22-10.04.26:000][  0]LogSlate: Took 0.162393 seconds to synchronously load lazily loaded font '../../../Engine/Content/Editor/Slate/Fonts/FontAwesome.ttf' (139K)
[2020.06.22-10.04.26:785][  0]LogRenderer: Reallocating scene render targets to support 1208x572 Format 10 NumSamples 1 (Frame:1).
[2020.06.22-10.04.27:156][  0]LogSlate: Took 0.060981 seconds to synchronously load lazily loaded font '../../../Engine/Content/Slate/Fonts/Roboto-Light.ttf' (167K)
[2020.06.22-10.04.27:254][  0]LogContentBrowser: Native class hierarchy updated for 'HierarchicalLODOutliner' in 0.0005 seconds. Added 0 classes and 0 folders.
[2020.06.22-10.04.27:254][  0]LogLoad: (Engine Initialization) Total time: 28.14 seconds
[2020.06.22-10.04.27:254][  0]LogLoad: (Engine Initialization) Total Blueprint compile time: 0.00 seconds
[2020.06.22-10.04.27:311][  0]LogAssetRegistry: Asset discovery search completed in 17.3051 seconds
[2020.06.22-10.04.27:318][  0]LogCollectionManager: Fixed up redirectors for 0 collections in 0.000006 seconds (updated 0 objects)
[2020.06.22-10.04.27:319][  0]LogContentStreaming: Texture pool size now 1000 MB
[2020.06.22-10.04.54:625][663]LogSlate: Took 0.000250 seconds to synchronously load lazily loaded font '../../../Engine/Content/Slate/Fonts/Roboto-Light.ttf' (167K)
[2020.06.22-10.04.54:647][663]LogAssetEditorSubsystem: Opening Asset editor for Class /Script/CarpetsAndCavalry.FirstPersonController
[2020.06.22-10.09.55:713][564]LogWindows: LaunchFileInExternalEditor C:/Users/adaml/Documents/Unreal Projects/CarpetsAndCavalry/CarpetsAndCavalry/Source/CarpetsAndCavalry/FirstPersonController.h 
[2020.06.22-10.09.57:117][564]LogWindows: Launch application code for C:/Users/adaml/Documents/Unreal Projects/CarpetsAndCavalry/CarpetsAndCavalry/Source/CarpetsAndCavalry/FirstPersonController.h : 42
[2020.06.22-10.09.57:117][564]LogWindows: LaunchFileInExternalEditor C:/Users/adaml/Documents/Unreal Projects/CarpetsAndCavalry/CarpetsAndCavalry/Source/CarpetsAndCavalry/FirstPersonController.cpp 
[2020.06.22-10.09.57:449][564]LogWindows: Launch application code for C:/Users/adaml/Documents/Unreal Projects/CarpetsAndCavalry/CarpetsAndCavalry/Source/CarpetsAndCavalry/FirstPersonController.cpp : 42
[2020.06.22-10.09.57:449][564]LogVSAccessor: Warning: Couldn't access Visual Studio
[2020.06.22-10.09.57:458][564]LogVSAccessor: Warning: Couldn't access module table
[2020.06.22-10.09.57:458][564]LogVSAccessor: Warning: Couldn't access module table
[2020.06.22-10.09.57:458][564]LogVSAccessor: Warning: Couldn't access module table
[2020.06.22-10.09.57:458][564]LogVSAccessor: Warning: Couldn't access module table
[2020.06.22-10.09.57:458][564]LogVSAccessor: Warning: Couldn't access module table
[2020.06.22-10.09.57:459][564]LogVSAccessor: Warning: Couldn't access module table
[2020.06.22-10.09.57:459][564]LogVSAccessor: Warning: Couldn't access module table
[2020.06.22-10.09.57:459][564]LogVSAccessor: Warning: Couldn't access module table
[2020.06.22-10.09.57:459][564]LogVSAccessor: Warning: Couldn't access module table
[2020.06.22-10.09.57:459][564]LogVSAccessor: Warning: Couldn't access module table
[2020.06.22-10.09.57:459][564]LogVSAccessor: Warning: Couldn't access module table
[2020.06.22-10.09.57:459][564]LogVSAccessor: Warning: Couldn't access module table
[2020.06.22-10.09.57:459][564]LogVSAccessor: Warning: Couldn't access module table
[2020.06.22-10.09.57:459][564]LogVSAccessor: Warning: Couldn't access module table
[2020.06.22-10.09.57:459][564]LogVSAccessor: Warning: Couldn't access module table
[2020.06.22-10.09.57:460][564]LogVSAccessor: Warning: Couldn't access module table
[2020.06.22-10.09.57:460][564]LogVSAccessor: Warning: Couldn't access module table
[2020.06.22-10.09.57:460][564]LogVSAccessor: Warning: Couldn't access module table
[2020.06.22-10.09.57:460][564]LogVSAccessor: Warning: Couldn't access module table
[2020.06.22-10.09.57:460][564]LogVSAccessor: Warning: Couldn't access module table
[2020.06.22-10.09.57:460][564]LogVSAccessor: Warning: Couldn't access module table
[2020.06.22-10.09.57:460][564]LogVSAccessor: Warning: Couldn't access module table
[2020.06.22-10.09.57:460][564]LogVSAccessor: Warning: Couldn't access module table
[2020.06.22-10.09.57:460][564]LogVSAccessor: Warning: Couldn't access module table
[2020.06.22-10.09.57:461][564]LogVSAccessor: Warning: Couldn't access module table
[2020.06.22-10.09.57:461][564]LogVSAccessor: Warning: Couldn't access module table
[2020.06.22-10.09.57:461][564]LogVSAccessor: Warning: Couldn't access module table
[2020.06.22-10.09.57:461][564]LogVSAccessor: Warning: Couldn't access module table
[2020.06.22-10.09.57:461][564]LogVSAccessor: Warning: Couldn't access module table
[2020.06.22-10.09.57:461][564]LogVSAccessor: Warning: Couldn't access module table
[2020.06.22-10.09.57:461][564]LogVSAccessor: Warning: Couldn't access module table
[2020.06.22-10.09.57:462][564]LogVSAccessor: Warning: Couldn't access module table
[2020.06.22-10.09.57:462][564]LogVSAccessor: Warning: Couldn't access module table
[2020.06.22-10.09.57:462][564]LogVSAccessor: Warning: Couldn't access module table
[2020.06.22-10.09.57:462][564]LogVSAccessor: Warning: Couldn't access module table
[2020.06.22-10.09.57:462][564]LogVSAccessor: Warning: Couldn't access module table
[2020.06.22-10.09.57:463][564]LogVSAccessor: Warning: Couldn't access module table
[2020.06.22-10.09.57:463][564]LogVSAccessor: Warning: Couldn't access module table
[2020.06.22-10.09.57:463][564]LogVSAccessor: Warning: Couldn't access module table
[2020.06.22-10.09.57:463][564]LogVSAccessor: Warning: Couldn't access module table
[2020.06.22-10.09.57:463][564]LogVSAccessor: Warning: Couldn't access module table
[2020.06.22-10.09.57:463][564]LogVSAccessor: Warning: Couldn't access module table
[2020.06.22-10.09.57:463][564]LogVSAccessor: Warning: Couldn't access module table
[2020.06.22-10.09.57:463][564]LogVSAccessor: Warning: Couldn't access module table
[2020.06.22-10.09.57:464][564]LogVSAccessor: Warning: Couldn't access module table
[2020.06.22-10.09.57:464][564]LogVSAccessor: Warning: Couldn't access module table
[2020.06.22-10.09.57:464][564]LogVSAccessor: Warning: Couldn't access module table
[2020.06.22-10.09.57:464][564]LogVSAccessor: Warning: Couldn't access module table
[2020.06.22-10.09.57:464][564]LogVSAccessor: Warning: Couldn't access module table
[2020.06.22-10.09.57:464][564]LogVSAccessor: Warning: Couldn't access module table
[2020.06.22-10.09.57:464][564]LogVSAccessor: Warning: Couldn't access module table
[2020.06.22-10.09.57:464][564]LogVSAccessor: Warning: Couldn't access module table
[2020.06.22-10.09.57:464][564]LogVSAccessor: Warning: Couldn't access module table
[2020.06.22-10.09.57:464][564]LogVSAccessor: Warning: Couldn't access module table
[2020.06.22-10.09.57:465][564]LogVSAccessor: Warning: Couldn't access module table
[2020.06.22-10.09.57:465][564]LogVSAccessor: Warning: Couldn't access module table
[2020.06.22-10.09.57:465][564]LogVSAccessor: Warning: Couldn't access module table
[2020.06.22-10.09.57:465][564]LogVSAccessor: Warning: Couldn't access module table
[2020.06.22-10.09.57:465][564]LogVSAccessor: Warning: Couldn't access module table
[2020.06.22-10.09.57:465][564]LogVSAccessor: Warning: Couldn't access module table
[2020.06.22-10.09.57:465][564]LogVSAccessor: Warning: Couldn't access module table
[2020.06.22-10.09.57:465][564]LogVSAccessor: Warning: Couldn't access module table
[2020.06.22-10.09.57:465][564]LogVSAccessor: Warning: Couldn't access module table
[2020.06.22-10.09.57:466][564]LogVSAccessor: Warning: Couldn't access module table
[2020.06.22-10.09.57:466][564]LogVSAccessor: Warning: Couldn't access module table
[2020.06.22-10.09.57:466][564]LogVSAccessor: Warning: Couldn't access module table
[2020.06.22-10.09.57:466][564]LogVSAccessor: Warning: Couldn't access module table
[2020.06.22-10.09.57:466][564]LogVSAccessor: Warning: Couldn't access module table
[2020.06.22-10.09.57:466][564]LogVSAccessor: Warning: Couldn't access module table
[2020.06.22-10.09.57:466][564]LogVSAccessor: Warning: Couldn't access module table
[2020.06.22-10.09.57:466][564]LogVSAccessor: Warning: Couldn't access module table
[2020.06.22-10.09.57:466][564]LogVSAccessor: Warning: Couldn't access module table
[2020.06.22-10.09.57:467][564]LogVSAccessor: Warning: Couldn't access module table
[2020.06.22-10.09.57:467][564]LogVSAccessor: Warning: Couldn't access module table
[2020.06.22-10.09.57:467][564]LogVSAccessor: Warning: Couldn't access module table
[2020.06.22-10.09.57:467][564]LogVSAccessor: Warning: Couldn't access module table
[2020.06.22-10.09.57:467][564]LogVSAccessor: Warning: Couldn't access module table
[2020.06.22-10.09.57:467][564]LogVSAccessor: Warning: Couldn't access module table
[2020.06.22-10.09.57:467][564]LogVSAccessor: Warning: Couldn't access module table
[2020.06.22-10.09.57:467][564]LogVSAccessor: Warning: Couldn't access module table
[2020.06.22-10.09.57:467][564]LogVSAccessor: Warning: Couldn't access module table
[2020.06.22-10.09.57:468][564]LogVSAccessor: Warning: Couldn't access module table
[2020.06.22-10.09.57:468][564]LogVSAccessor: Warning: Couldn't access module table
[2020.06.22-10.09.57:468][564]LogVSAccessor: Warning: Couldn't access module table
[2020.06.22-10.09.57:468][564]LogVSAccessor: Warning: Couldn't access module table
[2020.06.22-10.09.57:468][564]LogVSAccessor: Warning: Couldn't access module table
[2020.06.22-10.09.57:468][564]LogVSAccessor: Warning: Couldn't access module table
[2020.06.22-10.09.57:468][564]LogVSAccessor: Warning: Couldn't access module table
[2020.06.22-10.09.57:468][564]LogVSAccessor: Warning: Couldn't access module table
[2020.06.22-10.09.57:469][564]LogVSAccessor: Warning: Couldn't access module table
[2020.06.22-10.09.57:469][564]LogVSAccessor: Warning: Couldn't access module table
[2020.06.22-10.09.57:469][564]LogVSAccessor: Warning: Couldn't access module table
[2020.06.22-10.09.57:469][564]LogVSAccessor: Warning: Couldn't access module table
[2020.06.22-10.09.57:469][564]LogVSAccessor: Warning: Couldn't access module table
[2020.06.22-10.09.57:469][564]LogVSAccessor: Warning: Couldn't access module table
[2020.06.22-10.09.57:469][564]LogVSAccessor: Warning: Couldn't access module table
[2020.06.22-10.09.57:469][564]LogVSAccessor: Warning: Couldn't access module table
[2020.06.22-10.09.57:470][564]LogVSAccessor: Warning: Couldn't access module table
[2020.06.22-10.09.57:470][564]LogVSAccessor: Warning: Couldn't access module table
[2020.06.22-10.09.57:470][564]LogVSAccessor: Warning: Couldn't access module table
[2020.06.22-10.09.57:470][564]LogVSAccessor: Warning: Couldn't access module table
[2020.06.22-10.09.57:470][564]LogVSAccessor: Warning: Couldn't access module table
[2020.06.22-10.09.57:470][564]LogVSAccessor: Warning: Couldn't access module table
[2020.06.22-10.09.57:470][564]LogVSAccessor: Warning: Couldn't access module table
[2020.06.22-10.09.57:470][564]LogVSAccessor: Warning: Couldn't access module table
[2020.06.22-10.09.57:470][564]LogVSAccessor: Warning: Couldn't access module table
[2020.06.22-10.09.57:471][564]LogVSAccessor: Warning: Couldn't access module table
[2020.06.22-10.09.57:471][564]LogVSAccessor: Warning: Couldn't access module table
[2020.06.22-10.09.57:471][564]LogVSAccessor: Warning: Couldn't access module table
[2020.06.22-10.09.57:471][564]LogVSAccessor: Warning: Couldn't access module table
[2020.06.22-10.09.57:471][564]LogVSAccessor: Warning: Couldn't access module table
[2020.06.22-10.09.57:481][564]LogVSAccessor: Warning: Couldn't access module table
[2020.06.22-10.09.57:481][564]LogVSAccessor: Warning: Couldn't access module table
[2020.06.22-10.09.57:562][564]LogVSAccessor: Warning: Couldn't access module table
[2020.06.22-10.09.57:563][564]LogVSAccessor: Warning: Couldn't access module table
[2020.06.22-10.09.57:563][564]LogVSAccessor: Warning: Couldn't access module table
[2020.06.22-10.09.57:566][564]LogVSAccessor: Warning: Couldn't access module table
[2020.06.22-10.09.57:568][564]LogVSAccessor: Warning: Couldn't access module table
[2020.06.22-10.09.57:586][564]LogVSAccessor: Warning: Couldn't access module table
[2020.06.22-10.09.57:586][564]LogVSAccessor: Warning: Couldn't access module table
[2020.06.22-10.09.57:588][564]LogVSAccessor: Warning: Couldn't access module table
[2020.06.22-10.09.57:593][564]LogVSAccessor: Warning: Couldn't access module table
[2020.06.22-10.09.57:610][564]LogVSAccessor: Warning: Couldn't access module table
[2020.06.22-10.09.57:610][564]LogVSAccessor: Warning: Couldn't access module table
[2020.06.22-10.09.57:610][564]LogVSAccessor: Warning: Couldn't access module table
[2020.06.22-10.09.57:611][564]LogVSAccessor: Warning: Couldn't access module table
[2020.06.22-11.34.00:099][669]LogTemp: Repeating last play command: Selected Viewport
[2020.06.22-11.34.00:161][669]LogPlayLevel: PlayLevel: No blueprints needed recompiling
[2020.06.22-11.34.00:163][669]PIE: New page: PIE session: Minimal_Default (23 Jun 2020, 3:34:00 am)
[2020.06.22-11.34.00:166][669]LogOnline: OSS: Creating online subsystem instance for: NULL
[2020.06.22-11.34.00:170][669]LogOnline: OSS: TryLoadSubsystemAndSetDefault: Loaded subsystem for module [NULL]
[2020.06.22-11.34.00:170][669]LogPlayLevel: Creating play world package: /Game/StarterContent/Maps/UEDPIE_0_Minimal_Default
[2020.06.22-11.34.00:224][669]LogPlayLevel: PIE: StaticDuplicateObject took: (0.053480s)
[2020.06.22-11.34.00:228][669]LogAIModule: Creating AISystem for world Minimal_Default
[2020.06.22-11.34.00:228][669]LogAISub: UAISubsystem::UAISubsystem EnvQueryManager (0000012BA0D22200), frame # 16669
[2020.06.22-11.34.00:228][669]LogAISub: UAISubsystem::UAISubsystem AIPerceptionSystem (0000012BC92C60C0), frame # 16669
[2020.06.22-11.34.00:229][669]LogPlayLevel: PIE: World Init took: (0.004812s)
[2020.06.22-11.34.00:229][669]LogPlayLevel: PIE: Created PIE world by copying editor world from /Game/StarterContent/Maps/Minimal_Default.Minimal_Default to /Game/StarterContent/Maps/UEDPIE_0_Minimal_Default.Minimal_Default (0.058793s)
[2020.06.22-11.34.00:244][669]LogUObjectHash: Compacting FUObjectHashTables data took   2.57ms
[2020.06.22-11.34.00:254][669]LogAudioMixer: Display: Audio Mixer Platform Settings:
[2020.06.22-11.34.00:254][669]LogAudioMixer: Display: 	Sample Rate:						  48000
[2020.06.22-11.34.00:254][669]LogAudioMixer: Display: 	Callback Buffer Frame Size Requested: 1024
[2020.06.22-11.34.00:254][669]LogAudioMixer: Display: 	Callback Buffer Frame Size To Use:	  1024
[2020.06.22-11.34.00:254][669]LogAudioMixer: Display: 	Number of buffers to queue:			  2
[2020.06.22-11.34.00:255][669]LogAudioMixer: Display: 	Max Channels (voices):				  32
[2020.06.22-11.34.00:255][669]LogAudioMixer: Display: 	Number of Async Source Workers:		  0
[2020.06.22-11.34.00:255][669]LogAudio: Display: AudioDevice MaxSources: 32
[2020.06.22-11.34.00:258][669]LogAudio: Display: Using built-in audio occlusion.
[2020.06.22-11.34.00:258][669]LogAudioMixer: Display: Initializing audio mixer.
[2020.06.22-11.34.00:332][669]LogAudioMixer: Display: 0: FrontLeft
[2020.06.22-11.34.00:332][669]LogAudioMixer: Display: 1: FrontRight
[2020.06.22-11.34.00:381][669]LogAudioMixer: Display: Using Audio Device Speakers (Realtek High Definition Audio)
[2020.06.22-11.34.00:381][669]LogAudioMixer: Display: Initializing Sound Submixes...
[2020.06.22-11.34.00:381][669]LogAudioMixer: Display: Creating Master Submix 'MasterSubmixDefault'
[2020.06.22-11.34.00:381][669]LogAudioMixer: Display: Creating Master Submix 'MasterReverbSubmixDefault'
[2020.06.22-11.34.00:385][669]LogAudioMixer: Display: Creating Master Submix 'MasterEQSubmixDefault'
[2020.06.22-11.34.00:414][669]LogInit: FAudioDevice initialized.
[2020.06.22-11.34.00:424][669]LogLoad: Game class is 'GameModeBase'
[2020.06.22-11.34.00:428][669]LogWorld: Bringing World /Game/StarterContent/Maps/UEDPIE_0_Minimal_Default.Minimal_Default up for play (max tick rate 0) at 2020.06.22-19.34.00
[2020.06.22-11.34.00:429][669]LogWorld: Bringing up level for play took: 0.002379
[2020.06.22-11.34.00:429][669]LogOnline: OSS: Creating online subsystem instance for: :Context_1
[2020.06.22-11.34.00:529][669]LogContentBrowser: Native class hierarchy updated for 'MovieSceneCapture' in 0.0012 seconds. Added 20 classes and 0 folders.
[2020.06.22-11.34.00:531][669]PIE: Server logged in
[2020.06.22-11.34.00:536][669]PIE: Play in editor total start time 0.377 seconds.
[2020.06.22-11.34.12:956][844]LogSlate: Updating window title bar state: overlay mode, drag disabled, window buttons hidden, title bar hidden
[2020.06.22-11.34.12:956][844]LogWorld: BeginTearingDown for /Game/StarterContent/Maps/UEDPIE_0_Minimal_Default
[2020.06.22-11.34.12:956][844]LogWorld: UWorld::CleanupWorld for Minimal_Default, bSessionEnded=true, bCleanupResources=true
[2020.06.22-11.34.12:956][844]LogSlate: InvalidateAllWidgets triggered.  All widgets were invalidated
[2020.06.22-11.34.12:970][844]LogPlayLevel: Display: Shutting down PIE online subsystems
[2020.06.22-11.34.12:975][844]LogSlate: InvalidateAllWidgets triggered.  All widgets were invalidated
[2020.06.22-11.34.13:007][844]LogSlate: Updating window title bar state: overlay mode, drag disabled, window buttons hidden, title bar hidden
[2020.06.22-11.34.13:009][844]LogAISub: UAISubsystem::~UAISubsystem EnvQueryManager (0000012BA0D22200), frame # 17844
[2020.06.22-11.34.13:009][844]LogAISub: UAISubsystem::~UAISubsystem AIPerceptionSystem (0000012BC92C60C0), frame # 17844
[2020.06.22-11.34.13:009][844]LogUObjectHash: Compacting FUObjectHashTables data took   0.68ms
[2020.06.22-11.34.13:070][845]LogPlayLevel: Display: Destroying online subsystem :Context_1
[2020.06.22-11.37.10:557][500]LogEditorViewport: Clicking on Actor (context menu): BP_Sky_Sphere_C (BP_Sky_Sphere)
[2020.06.22-11.37.11:409][557]LogEditorViewport: Clicking on Actor (LMB): BP_Sky_Sphere_C (BP_Sky_Sphere)
[2020.06.22-11.37.16:515][944]LogEditorViewport: Clicking on Actor (LMB): BP_Sky_Sphere_C (BP_Sky_Sphere)
[2020.06.22-11.37.54:355][ 97]LogSlate: Took 0.022011 seconds to synchronously load lazily loaded font '../../../Engine/Content/Slate/Fonts/DroidSansMono.ttf' (77K)
[2020.06.22-11.38.11:167][190]LogSlate: Window 'Source Control Login' being destroyed
[2020.06.22-11.38.25:831][245]LogSlate: Window 'Source Control Login' being destroyed
[2020.06.22-11.38.47:440][874]SourceControl: fatal: C:/Program Files/Epic Games/UE_4.25/Engine/Content: 'C:/Program Files/Epic Games/UE_4.25/Engine/Content' is outside repository at 'C:/Users/adaml/Documents/Unreal Projects/CarpetsAndCavalry'
[2020.06.22-11.38.47:440][874]SourceControl: fatal: C:/Program Files/Epic Games/UE_4.25/Engine/Plugins/2D/Paper2D/Content: 'C:/Program Files/Epic Games/UE_4.25/Engine/Plugins/2D/Paper2D/Content' is outside repository at 'C:/Users/adaml/Documents/Unreal Projects/CarpetsAndCavalry'
[2020.06.22-11.38.47:440][874]SourceControl: fatal: C:/Program Files/Epic Games/UE_4.25/Engine/Plugins/Developer/AnimationSharing/Content: 'C:/Program Files/Epic Games/UE_4.25/Engine/Plugins/Developer/AnimationSharing/Content' is outside repository at 'C:/Users/adaml/Documents/Unreal Projects/CarpetsAndCavalry'
[2020.06.22-11.38.47:440][874]SourceControl: fatal: C:/Program Files/Epic Games/UE_4.25/Engine/Plugins/Editor/GeometryMode/Content: 'C:/Program Files/Epic Games/UE_4.25/Engine/Plugins/Editor/GeometryMode/Content' is outside repository at 'C:/Users/adaml/Documents/Unreal Projects/CarpetsAndCavalry'
[2020.06.22-11.38.47:440][874]SourceControl: fatal: C:/Program Files/Epic Games/UE_4.25/Engine/Plugins/Enterprise/DatasmithContent/Content: 'C:/Program Files/Epic Games/UE_4.25/Engine/Plugins/Enterprise/DatasmithContent/Content' is outside repository at 'C:/Users/adaml/Documents/Unreal Projects/CarpetsAndCavalry'
[2020.06.22-11.38.47:440][874]SourceControl: fatal: C:/Program Files/Epic Games/UE_4.25/Engine/Plugins/Experimental/ChaosClothEditor/Content: 'C:/Program Files/Epic Games/UE_4.25/Engine/Plugins/Experimental/ChaosClothEditor/Content' is outside repository at 'C:/Users/adaml/Documents/Unreal Projects/CarpetsAndCavalry'
[2020.06.22-11.38.47:440][874]SourceControl: fatal: C:/Program Files/Epic Games/UE_4.25/Engine/Plugins/Experimental/ChaosNiagara/Content: 'C:/Program Files/Epic Games/UE_4.25/Engine/Plugins/Experimental/ChaosNiagara/Content' is outside repository at 'C:/Users/adaml/Documents/Unreal Projects/CarpetsAndCavalry'
[2020.06.22-11.38.47:440][874]SourceControl: fatal: C:/Program Files/Epic Games/UE_4.25/Engine/Plugins/Experimental/ChaosSolverPlugin/Content: 'C:/Program Files/Epic Games/UE_4.25/Engine/Plugins/Experimental/ChaosSolverPlugin/Content' is outside repository at 'C:/Users/adaml/Documents/Unreal Projects/CarpetsAndCavalry'
[2020.06.22-11.38.47:440][874]SourceControl: fatal: C:/Program Files/Epic Games/UE_4.25/Engine/Plugins/Experimental/GeometryCollectionPlugin/Content: 'C:/Program Files/Epic Games/UE_4.25/Engine/Plugins/Experimental/GeometryCollectionPlugin/Content' is outside repository at 'C:/Users/adaml/Documents/Unreal Projects/CarpetsAndCavalry'
[2020.06.22-11.38.47:440][874]SourceControl: fatal: C:/Program Files/Epic Games/UE_4.25/Engine/Plugins/Experimental/GeometryProcessing/Content: 'C:/Program Files/Epic Games/UE_4.25/Engine/Plugins/Experimental/GeometryProcessing/Content' is outside repository at 'C:/Users/adaml/Documents/Unreal Projects/CarpetsAndCavalry'
[2020.06.22-11.38.47:440][874]SourceControl: fatal: C:/Program Files/Epic Games/UE_4.25/Engine/Plugins/FX/Niagara/Content: 'C:/Program Files/Epic Games/UE_4.25/Engine/Plugins/FX/Niagara/Content' is outside repository at 'C:/Users/adaml/Documents/Unreal Projects/CarpetsAndCavalry'
[2020.06.22-11.38.47:440][874]SourceControl: fatal: C:/Program Files/Epic Games/UE_4.25/Engine/Plugins/Lumin/MagicLeap/Content: 'C:/Program Files/Epic Games/UE_4.25/Engine/Plugins/Lumin/MagicLeap/Content' is outside repository at 'C:/Users/adaml/Documents/Unreal Projects/CarpetsAndCavalry'
[2020.06.22-11.38.47:441][874]SourceControl: fatal: C:/Program Files/Epic Games/UE_4.25/Engine/Plugins/Lumin/MagicLeapPassableWorld/Content: 'C:/Program Files/Epic Games/UE_4.25/Engine/Plugins/Lumin/MagicLeapPassableWorld/Content' is outside repository at 'C:/Users/adaml/Documents/Unreal Projects/CarpetsAndCavalry'
[2020.06.22-11.38.47:441][874]SourceControl: fatal: C:/Program Files/Epic Games/UE_4.25/Engine/Plugins/Media/MediaCompositing/Content: 'C:/Program Files/Epic Games/UE_4.25/Engine/Plugins/Media/MediaCompositing/Content' is outside repository at 'C:/Users/adaml/Documents/Unreal Projects/CarpetsAndCavalry'
[2020.06.22-11.38.47:441][874]SourceControl: fatal: C:/Program Files/Epic Games/UE_4.25/Engine/Plugins/MovieScene/MovieRenderPipeline/Content: 'C:/Program Files/Epic Games/UE_4.25/Engine/Plugins/MovieScene/MovieRenderPipeline/Content' is outside repository at 'C:/Users/adaml/Documents/Unreal Projects/CarpetsAndCavalry'
[2020.06.22-11.38.47:441][874]SourceControl: fatal: C:/Program Files/Epic Games/UE_4.25/Engine/Plugins/Runtime/Oculus/OculusVR/Content: 'C:/Program Files/Epic Games/UE_4.25/Engine/Plugins/Runtime/Oculus/OculusVR/Content' is outside repository at 'C:/Users/adaml/Documents/Unreal Projects/CarpetsAndCavalry'
[2020.06.22-11.38.47:441][874]SourceControl: fatal: C:/Program Files/Epic Games/UE_4.25/Engine/Plugins/Runtime/PostSplashScreen/Content: 'C:/Program Files/Epic Games/UE_4.25/Engine/Plugins/Runtime/PostSplashScreen/Content' is outside repository at 'C:/Users/adaml/Documents/Unreal Projects/CarpetsAndCavalry'
[2020.06.22-11.38.47:441][874]SourceControl: fatal: C:/Program Files/Epic Games/UE_4.25/Engine/Plugins/Runtime/Steam/SteamVR/Content: 'C:/Program Files/Epic Games/UE_4.25/Engine/Plugins/Runtime/Steam/SteamVR/Content' is outside repository at 'C:/Users/adaml/Documents/Unreal Projects/CarpetsAndCavalry'
[2020.06.22-11.39.26:081][874]LogSlate: Window 'Submit Files' being destroyed
[2020.06.22-11.39.27:462][874]LogSourceControl: commit successful: [basic-fp-controller f766bd6] Initial source control test
[2020.06.22-11.39.27:567][874]SourceControl: [basic-fp-controller f766bd6] Initial source control test
[2020.06.22-11.39.27:567][874]SourceControl:  2 files changed, 0 insertions(+), 0 deletions(-)
[2020.06.22-11.39.27:576][874]SourceControl: Commited [basic-fp-controller f766bd6] Initial source control test.
